<?xml version="1.0" encoding="UTF-8"?>
<robot generator="Robot 7.4.2 (Python 3.14.0 on win32)" generated="2026-04-26T22:25:11.993937" rpa="false" schemaversion="5">
<suite id="s1" name="Epc-Simulator-Tests" source="C:\Users\sylwia.lesniak\Desktop\testy\epc-simulator-tests">
<suite id="s1-s1" name="Tests" source="C:\Users\sylwia.lesniak\Desktop\testy\epc-simulator-tests\tests">
<suite id="s1-s1-s1" name="Ue Stats" source="C:\Users\sylwia.lesniak\Desktop\testy\epc-simulator-tests\tests\ue_stats.robot">
<test id="s1-s1-s1-t1" name="ST01 - ue count in global stats reflects number of attached UEs" line="9">
<kw name="Prepare Clean EPC With Attached UE 1" owner="common" type="SETUP" source_name="Prepare Clean EPC With Attached UE ${ue_id}">
<kw name="Reset EPC" owner="common">
<kw name="Reset Response" owner="EPCTests">
<msg time="2026-04-26T22:25:12.141268" level="INFO">${status_code} = 200</msg>
<var>${status_code}</var>
<status status="PASS" start="2026-04-26T22:25:12.132029" elapsed="0.009446"/>
</kw>
<kw name="Should Be Equal As Integers" owner="BuiltIn">
<msg time="2026-04-26T22:25:12.142246" level="INFO">Argument types are:
&lt;class 'int'&gt;
&lt;class 'str'&gt;</msg>
<arg>${status_code}</arg>
<arg>200</arg>
<doc>Fails if objects are unequal after converting them to integers.</doc>
<status status="PASS" start="2026-04-26T22:25:12.141707" elapsed="0.000713"/>
</kw>
<status status="PASS" start="2026-04-26T22:25:12.131383" elapsed="0.011189"/>
</kw>
<kw name="Attach UE With ID ${ue_id}" owner="common" source_name="Attach UE With ID ${ue_id}">
<kw name="Attach Ue" owner="EPCTests">
<msg time="2026-04-26T22:25:12.151722" level="INFO">${response} = {'status': 'attached', 'ue_id': 1}</msg>
<var>${response}</var>
<arg>${ue_id}</arg>
<status status="PASS" start="2026-04-26T22:25:12.143493" elapsed="0.008414"/>
</kw>
<kw name="Should Be Equal" owner="BuiltIn">
<arg>${response}[status]</arg>
<arg>attached</arg>
<doc>Fails if the given objects are unequal.</doc>
<status status="PASS" start="2026-04-26T22:25:12.152110" elapsed="0.000513"/>
</kw>
<kw name="Should Be Equal As Integers" owner="BuiltIn">
<msg time="2026-04-26T22:25:12.153100" level="INFO">Argument types are:
&lt;class 'int'&gt;
&lt;class 'str'&gt;</msg>
<arg>${response}[ue_id]</arg>
<arg>${ue_id}</arg>
<doc>Fails if objects are unequal after converting them to integers.</doc>
<status status="PASS" start="2026-04-26T22:25:12.152803" elapsed="0.000471"/>
</kw>
<status status="PASS" start="2026-04-26T22:25:12.142832" elapsed="0.010547"/>
</kw>
<status status="PASS" start="2026-04-26T22:25:12.130947" elapsed="0.022550"/>
</kw>
<kw name="Verify Global UE Count Is 1" source_name="Verify Global UE Count Is ${count}">
<kw name="Get Global Stats" owner="EPCTests">
<msg time="2026-04-26T22:25:12.158586" level="INFO">${stats} = {'scope': 'all', 'ue_count': 1, 'bearer_count': 0, 'total_tx_bps': 0, 'total_rx_bps': 0, 'details': None}</msg>
<var>${stats}</var>
<status status="PASS" start="2026-04-26T22:25:12.154032" elapsed="0.004710"/>
</kw>
<kw name="Should Be Equal As Integers" owner="BuiltIn">
<msg time="2026-04-26T22:25:12.159294" level="INFO">Argument types are:
&lt;class 'int'&gt;
&lt;class 'str'&gt;</msg>
<arg>${stats}[ue_count]</arg>
<arg>${count}</arg>
<doc>Fails if objects are unequal after converting them to integers.</doc>
<status status="PASS" start="2026-04-26T22:25:12.158917" elapsed="0.000563"/>
</kw>
<status status="PASS" start="2026-04-26T22:25:12.153764" elapsed="0.005814"/>
</kw>
<status status="PASS" start="2026-04-26T22:25:12.127879" elapsed="0.032018"/>
</test>
<test id="s1-s1-s1-t2" name="ST02 - bearer count in global stats reflects number of bearers with active traffic" line="13">
<kw name="Prepare Clean EPC With Attached UE 1" owner="common" type="SETUP" source_name="Prepare Clean EPC With Attached UE ${ue_id}">
<kw name="Reset EPC" owner="common">
<kw name="Reset Response" owner="EPCTests">
<msg time="2026-04-26T22:25:12.175036" level="INFO">${status_code} = 200</msg>
<var>${status_code}</var>
<status status="PASS" start="2026-04-26T22:25:12.168017" elapsed="0.007193"/>
</kw>
<kw name="Should Be Equal As Integers" owner="BuiltIn">
<msg time="2026-04-26T22:25:12.175829" level="INFO">Argument types are:
&lt;class 'int'&gt;
&lt;class 'str'&gt;</msg>
<arg>${status_code}</arg>
<arg>200</arg>
<doc>Fails if objects are unequal after converting them to integers.</doc>
<status status="PASS" start="2026-04-26T22:25:12.175407" elapsed="0.000559"/>
</kw>
<status status="PASS" start="2026-04-26T22:25:12.167700" elapsed="0.008378"/>
</kw>
<kw name="Attach UE With ID ${ue_id}" owner="common" source_name="Attach UE With ID ${ue_id}">
<kw name="Attach Ue" owner="EPCTests">
<msg time="2026-04-26T22:25:12.183833" level="INFO">${response} = {'status': 'attached', 'ue_id': 1}</msg>
<var>${response}</var>
<arg>${ue_id}</arg>
<status status="PASS" start="2026-04-26T22:25:12.176648" elapsed="0.007473"/>
</kw>
<kw name="Should Be Equal" owner="BuiltIn">
<arg>${response}[status]</arg>
<arg>attached</arg>
<doc>Fails if the given objects are unequal.</doc>
<status status="PASS" start="2026-04-26T22:25:12.184324" elapsed="0.000381"/>
</kw>
<kw name="Should Be Equal As Integers" owner="BuiltIn">
<msg time="2026-04-26T22:25:12.185155" level="INFO">Argument types are:
&lt;class 'int'&gt;
&lt;class 'str'&gt;</msg>
<arg>${response}[ue_id]</arg>
<arg>${ue_id}</arg>
<doc>Fails if objects are unequal after converting them to integers.</doc>
<status status="PASS" start="2026-04-26T22:25:12.184854" elapsed="0.000434"/>
</kw>
<status status="PASS" start="2026-04-26T22:25:12.176276" elapsed="0.009107"/>
</kw>
<status status="PASS" start="2026-04-26T22:25:12.167295" elapsed="0.018201"/>
</kw>
<kw name="Add Bearer 1 To UE 1" owner="common" source_name="Add Bearer ${bearer_id} To UE ${ue_id}">
<kw name="Add Bearer" owner="EPCTests">
<msg time="2026-04-26T22:25:12.193752" level="INFO">${response} = {'status': 'bearer_added', 'ue_id': 1, 'bearer_id': 1}</msg>
<var>${response}</var>
<arg>${ue_id}</arg>
<arg>${bearer_id}</arg>
<status status="PASS" start="2026-04-26T22:25:12.186151" elapsed="0.007777"/>
</kw>
<kw name="Should Be Equal As Integers" owner="BuiltIn">
<msg time="2026-04-26T22:25:12.194693" level="INFO">Argument types are:
&lt;class 'int'&gt;
&lt;class 'str'&gt;</msg>
<arg>${response}[bearer_id]</arg>
<arg>${bearer_id}</arg>
<doc>Fails if objects are unequal after converting them to integers.</doc>
<status status="PASS" start="2026-04-26T22:25:12.194210" elapsed="0.000714"/>
</kw>
<status status="PASS" start="2026-04-26T22:25:12.185794" elapsed="0.009250"/>
</kw>
<kw name="Start Traffic On UE 1 Bearer 9 With 10 Mbps Protocol udp" source_name="Start Traffic On UE ${ue_id} Bearer ${bearer_id} With ${mbps} Mbps Protocol ${protocol}">
<kw name="Start Traffic" owner="EPCTests">
<msg time="2026-04-26T22:25:12.196118" level="INFO">URL: http://localhost:8000/ues/1/bearers/9/traffic</msg>
<msg time="2026-04-26T22:25:12.196350" level="INFO">Payload: {'protocol': 'udp', 'Mbps': 10.0}</msg>
<msg time="2026-04-26T22:25:12.206210" level="INFO">Status: 200</msg>
<msg time="2026-04-26T22:25:12.206388" level="INFO">Response body: {"status":"traffic_started","ue_id":1,"bearer_id":9,"target_bps":10000000}</msg>
<msg time="2026-04-26T22:25:12.206628" level="INFO">${response} = &lt;Response [200]&gt;</msg>
<var>${response}</var>
<arg>${ue_id}</arg>
<arg>${bearer_id}</arg>
<arg>${protocol}</arg>
<arg>mbps=${mbps}</arg>
<status status="PASS" start="2026-04-26T22:25:12.195818" elapsed="0.010954"/>
</kw>
<kw name="Should Be Equal As Integers" owner="BuiltIn">
<msg time="2026-04-26T22:25:12.207587" level="INFO">Argument types are:
&lt;class 'int'&gt;
&lt;class 'str'&gt;</msg>
<arg>${response.status_code}</arg>
<arg>200</arg>
<doc>Fails if objects are unequal after converting them to integers.</doc>
<status status="PASS" start="2026-04-26T22:25:12.206960" elapsed="0.000798"/>
</kw>
<status status="PASS" start="2026-04-26T22:25:12.195365" elapsed="0.012522"/>
</kw>
<kw name="Start Traffic On UE 1 Bearer 1 With 10 Mbps Protocol udp" source_name="Start Traffic On UE ${ue_id} Bearer ${bearer_id} With ${mbps} Mbps Protocol ${protocol}">
<kw name="Start Traffic" owner="EPCTests">
<msg time="2026-04-26T22:25:12.208803" level="INFO">URL: http://localhost:8000/ues/1/bearers/1/traffic</msg>
<msg time="2026-04-26T22:25:12.208973" level="INFO">Payload: {'protocol': 'udp', 'Mbps': 10.0}</msg>
<msg time="2026-04-26T22:25:12.218738" level="INFO">Status: 200</msg>
<msg time="2026-04-26T22:25:12.219045" level="INFO">Response body: {"status":"traffic_started","ue_id":1,"bearer_id":1,"target_bps":10000000}</msg>
<msg time="2026-04-26T22:25:12.219251" level="INFO">${response} = &lt;Response [200]&gt;</msg>
<var>${response}</var>
<arg>${ue_id}</arg>
<arg>${bearer_id}</arg>
<arg>${protocol}</arg>
<arg>mbps=${mbps}</arg>
<status status="PASS" start="2026-04-26T22:25:12.208527" elapsed="0.010803"/>
</kw>
<kw name="Should Be Equal As Integers" owner="BuiltIn">
<msg time="2026-04-26T22:25:12.220192" level="INFO">Argument types are:
&lt;class 'int'&gt;
&lt;class 'str'&gt;</msg>
<arg>${response.status_code}</arg>
<arg>200</arg>
<doc>Fails if objects are unequal after converting them to integers.</doc>
<status status="PASS" start="2026-04-26T22:25:12.219534" elapsed="0.000865"/>
</kw>
<status status="PASS" start="2026-04-26T22:25:12.208192" elapsed="0.012328"/>
</kw>
<kw name="Sleep" owner="BuiltIn">
<msg time="2026-04-26T22:25:14.221591" level="INFO">Slept 2 seconds.</msg>
<arg>2s</arg>
<doc>Pauses the test executed for the given time.</doc>
<status status="PASS" start="2026-04-26T22:25:12.220812" elapsed="2.001162"/>
</kw>
<kw name="Verify Global Bearer Count Is 2" source_name="Verify Global Bearer Count Is ${count}">
<kw name="Get Global Stats" owner="EPCTests">
<msg time="2026-04-26T22:25:14.231811" level="INFO">${stats} = {'scope': 'all', 'ue_count': 1, 'bearer_count': 2, 'total_tx_bps': 29679427, 'total_rx_bps': 29679427, 'details': None}</msg>
<var>${stats}</var>
<status status="PASS" start="2026-04-26T22:25:14.222747" elapsed="0.009332"/>
</kw>
<kw name="Should Be Equal As Integers" owner="BuiltIn">
<msg time="2026-04-26T22:25:14.232630" level="INFO">Argument types are:
&lt;class 'int'&gt;
&lt;class 'str'&gt;</msg>
<arg>${stats}[bearer_count]</arg>
<arg>${count}</arg>
<doc>Fails if objects are unequal after converting them to integers.</doc>
<status status="PASS" start="2026-04-26T22:25:14.232275" elapsed="0.000542"/>
</kw>
<status status="PASS" start="2026-04-26T22:25:14.222345" elapsed="0.010591"/>
</kw>
<status status="PASS" start="2026-04-26T22:25:12.165156" elapsed="2.067982"/>
</test>
<test id="s1-s1-s1-t3" name="ST03 - total tx bps in global stats reflects active traffic" line="21">
<kw name="Prepare Clean EPC With Attached UE 1" owner="common" type="SETUP" source_name="Prepare Clean EPC With Attached UE ${ue_id}">
<kw name="Reset EPC" owner="common">
<kw name="Reset Response" owner="EPCTests">
<msg time="2026-04-26T22:25:14.245609" level="INFO">${status_code} = 200</msg>
<var>${status_code}</var>
<status status="PASS" start="2026-04-26T22:25:14.238016" elapsed="0.007972"/>
</kw>
<kw name="Should Be Equal As Integers" owner="BuiltIn">
<msg time="2026-04-26T22:25:14.246550" level="INFO">Argument types are:
&lt;class 'int'&gt;
&lt;class 'str'&gt;</msg>
<arg>${status_code}</arg>
<arg>200</arg>
<doc>Fails if objects are unequal after converting them to integers.</doc>
<status status="PASS" start="2026-04-26T22:25:14.246190" elapsed="0.000615"/>
</kw>
<status status="PASS" start="2026-04-26T22:25:14.237792" elapsed="0.009146"/>
</kw>
<kw name="Attach UE With ID ${ue_id}" owner="common" source_name="Attach UE With ID ${ue_id}">
<kw name="Attach Ue" owner="EPCTests">
<msg time="2026-04-26T22:25:14.254973" level="INFO">${response} = {'status': 'attached', 'ue_id': 1}</msg>
<var>${response}</var>
<arg>${ue_id}</arg>
<status status="PASS" start="2026-04-26T22:25:14.247555" elapsed="0.007742"/>
</kw>
<kw name="Should Be Equal" owner="BuiltIn">
<arg>${response}[status]</arg>
<arg>attached</arg>
<doc>Fails if the given objects are unequal.</doc>
<status status="PASS" start="2026-04-26T22:25:14.255537" elapsed="0.000375"/>
</kw>
<kw name="Should Be Equal As Integers" owner="BuiltIn">
<msg time="2026-04-26T22:25:14.256407" level="INFO">Argument types are:
&lt;class 'int'&gt;
&lt;class 'str'&gt;</msg>
<arg>${response}[ue_id]</arg>
<arg>${ue_id}</arg>
<doc>Fails if objects are unequal after converting them to integers.</doc>
<status status="PASS" start="2026-04-26T22:25:14.256055" elapsed="0.000496"/>
</kw>
<status status="PASS" start="2026-04-26T22:25:14.247140" elapsed="0.009514"/>
</kw>
<status status="PASS" start="2026-04-26T22:25:14.237472" elapsed="0.019296"/>
</kw>
<kw name="Start Traffic On UE 1 Bearer 9 With 10 Mbps Protocol udp" source_name="Start Traffic On UE ${ue_id} Bearer ${bearer_id} With ${mbps} Mbps Protocol ${protocol}">
<kw name="Start Traffic" owner="EPCTests">
<msg time="2026-04-26T22:25:14.257569" level="INFO">URL: http://localhost:8000/ues/1/bearers/9/traffic</msg>
<msg time="2026-04-26T22:25:14.257692" level="INFO">Payload: {'protocol': 'udp', 'Mbps': 10.0}</msg>
<msg time="2026-04-26T22:25:14.267724" level="INFO">Status: 200</msg>
<msg time="2026-04-26T22:25:14.268032" level="INFO">Response body: {"status":"traffic_started","ue_id":1,"bearer_id":9,"target_bps":10000000}</msg>
<msg time="2026-04-26T22:25:14.268304" level="INFO">${response} = &lt;Response [200]&gt;</msg>
<var>${response}</var>
<arg>${ue_id}</arg>
<arg>${bearer_id}</arg>
<arg>${protocol}</arg>
<arg>mbps=${mbps}</arg>
<status status="PASS" start="2026-04-26T22:25:14.257348" elapsed="0.011036"/>
</kw>
<kw name="Should Be Equal As Integers" owner="BuiltIn">
<msg time="2026-04-26T22:25:14.269111" level="INFO">Argument types are:
&lt;class 'int'&gt;
&lt;class 'str'&gt;</msg>
<arg>${response.status_code}</arg>
<arg>200</arg>
<doc>Fails if objects are unequal after converting them to integers.</doc>
<status status="PASS" start="2026-04-26T22:25:14.268584" elapsed="0.000755"/>
</kw>
<status status="PASS" start="2026-04-26T22:25:14.257058" elapsed="0.012403"/>
</kw>
<kw name="Sleep" owner="BuiltIn">
<msg time="2026-04-26T22:25:16.270512" level="INFO">Slept 2 seconds.</msg>
<arg>2s</arg>
<doc>Pauses the test executed for the given time.</doc>
<status status="PASS" start="2026-04-26T22:25:14.269737" elapsed="2.001035"/>
</kw>
<kw name="Verify Global Traffic Is Active">
<kw name="Get Global Stats" owner="EPCTests">
<msg time="2026-04-26T22:25:16.282214" level="INFO">${stats} = {'scope': 'all', 'ue_count': 1, 'bearer_count': 1, 'total_tx_bps': 14872569, 'total_rx_bps': 14872569, 'details': None}</msg>
<var>${stats}</var>
<status status="PASS" start="2026-04-26T22:25:16.271515" elapsed="0.011025"/>
</kw>
<kw name="Should Be True" owner="BuiltIn">
<arg>${stats}[total_tx_bps] &gt; 0</arg>
<doc>Fails if the given condition is not true.</doc>
<status status="PASS" start="2026-04-26T22:25:16.282764" elapsed="0.000469"/>
</kw>
<status status="PASS" start="2026-04-26T22:25:16.271151" elapsed="0.012392"/>
</kw>
<status status="PASS" start="2026-04-26T22:25:14.235395" elapsed="2.048684"/>
</test>
<test id="s1-s1-s1-t4" name="ST04 - stats with include details contains per bearer breakdown" line="27">
<kw name="Prepare Clean EPC With Attached UE 1" owner="common" type="SETUP" source_name="Prepare Clean EPC With Attached UE ${ue_id}">
<kw name="Reset EPC" owner="common">
<kw name="Reset Response" owner="EPCTests">
<msg time="2026-04-26T22:25:16.296474" level="INFO">${status_code} = 200</msg>
<var>${status_code}</var>
<status status="PASS" start="2026-04-26T22:25:16.289276" elapsed="0.007792"/>
</kw>
<kw name="Should Be Equal As Integers" owner="BuiltIn">
<msg time="2026-04-26T22:25:16.297977" level="INFO">Argument types are:
&lt;class 'int'&gt;
&lt;class 'str'&gt;</msg>
<arg>${status_code}</arg>
<arg>200</arg>
<doc>Fails if objects are unequal after converting them to integers.</doc>
<status status="PASS" start="2026-04-26T22:25:16.297405" elapsed="0.000759"/>
</kw>
<status status="PASS" start="2026-04-26T22:25:16.289022" elapsed="0.009264"/>
</kw>
<kw name="Attach UE With ID ${ue_id}" owner="common" source_name="Attach UE With ID ${ue_id}">
<kw name="Attach Ue" owner="EPCTests">
<msg time="2026-04-26T22:25:16.306067" level="INFO">${response} = {'status': 'attached', 'ue_id': 1}</msg>
<var>${response}</var>
<arg>${ue_id}</arg>
<status status="PASS" start="2026-04-26T22:25:16.298949" elapsed="0.007386"/>
</kw>
<kw name="Should Be Equal" owner="BuiltIn">
<arg>${response}[status]</arg>
<arg>attached</arg>
<doc>Fails if the given objects are unequal.</doc>
<status status="PASS" start="2026-04-26T22:25:16.306535" elapsed="0.000426"/>
</kw>
<kw name="Should Be Equal As Integers" owner="BuiltIn">
<msg time="2026-04-26T22:25:16.307477" level="INFO">Argument types are:
&lt;class 'int'&gt;
&lt;class 'str'&gt;</msg>
<arg>${response}[ue_id]</arg>
<arg>${ue_id}</arg>
<doc>Fails if objects are unequal after converting them to integers.</doc>
<status status="PASS" start="2026-04-26T22:25:16.307133" elapsed="0.000486"/>
</kw>
<status status="PASS" start="2026-04-26T22:25:16.298492" elapsed="0.009227"/>
</kw>
<status status="PASS" start="2026-04-26T22:25:16.288691" elapsed="0.019142"/>
</kw>
<kw name="Start Traffic On UE 1 Bearer 9 With 10 Mbps Protocol udp" source_name="Start Traffic On UE ${ue_id} Bearer ${bearer_id} With ${mbps} Mbps Protocol ${protocol}">
<kw name="Start Traffic" owner="EPCTests">
<msg time="2026-04-26T22:25:16.308705" level="INFO">URL: http://localhost:8000/ues/1/bearers/9/traffic</msg>
<msg time="2026-04-26T22:25:16.308810" level="INFO">Payload: {'protocol': 'udp', 'Mbps': 10.0}</msg>
<msg time="2026-04-26T22:25:16.319015" level="INFO">Status: 200</msg>
<msg time="2026-04-26T22:25:16.319360" level="INFO">Response body: {"status":"traffic_started","ue_id":1,"bearer_id":9,"target_bps":10000000}</msg>
<msg time="2026-04-26T22:25:16.319564" level="INFO">${response} = &lt;Response [200]&gt;</msg>
<var>${response}</var>
<arg>${ue_id}</arg>
<arg>${bearer_id}</arg>
<arg>${protocol}</arg>
<arg>mbps=${mbps}</arg>
<status status="PASS" start="2026-04-26T22:25:16.308474" elapsed="0.011167"/>
</kw>
<kw name="Should Be Equal As Integers" owner="BuiltIn">
<msg time="2026-04-26T22:25:16.320443" level="INFO">Argument types are:
&lt;class 'int'&gt;
&lt;class 'str'&gt;</msg>
<arg>${response.status_code}</arg>
<arg>200</arg>
<doc>Fails if objects are unequal after converting them to integers.</doc>
<status status="PASS" start="2026-04-26T22:25:16.319838" elapsed="0.000784"/>
</kw>
<status status="PASS" start="2026-04-26T22:25:16.308167" elapsed="0.012575"/>
</kw>
<kw name="Sleep" owner="BuiltIn">
<msg time="2026-04-26T22:25:18.322026" level="INFO">Slept 2 seconds.</msg>
<arg>2s</arg>
<doc>Pauses the test executed for the given time.</doc>
<status status="PASS" start="2026-04-26T22:25:16.320969" elapsed="2.002194"/>
</kw>
<kw name="Verify Stats With Details For UE 1 Contains Bearer 9" source_name="Verify Stats With Details For UE ${ue_id} Contains Bearer ${bearer_id}">
<kw name="Get Ue Stats With Details" owner="EPCTests">
<msg time="2026-04-26T22:25:18.338140" level="INFO">${stats} = {'scope': 'ue:1', 'ue_count': 1, 'bearer_count': 1, 'total_tx_bps': 14848243, 'total_rx_bps': 14848243, 'details': {'1': {'9': 14848243}}}</msg>
<var>${stats}</var>
<arg>${ue_id}</arg>
<status status="PASS" start="2026-04-26T22:25:18.327292" elapsed="0.011366"/>
</kw>
<kw name="Convert To String" owner="BuiltIn">
<msg time="2026-04-26T22:25:18.340206" level="INFO">${ue_key} = 1</msg>
<var>${ue_key}</var>
<arg>${ue_id}</arg>
<doc>Converts the given item to a Unicode string.</doc>
<status status="PASS" start="2026-04-26T22:25:18.339242" elapsed="0.001179"/>
</kw>
<kw name="Convert To String" owner="BuiltIn">
<msg time="2026-04-26T22:25:18.340975" level="INFO">${bearer_key} = 9</msg>
<var>${bearer_key}</var>
<arg>${bearer_id}</arg>
<doc>Converts the given item to a Unicode string.</doc>
<status status="PASS" start="2026-04-26T22:25:18.340629" elapsed="0.000448"/>
</kw>
<kw name="Get From Dictionary" owner="Collections">
<msg time="2026-04-26T22:25:18.341562" level="INFO">${ue_details} = {'9': 14848243}</msg>
<var>${ue_details}</var>
<arg>${stats}[details]</arg>
<arg>${ue_key}</arg>
<doc>Returns a value from the given ``dictionary`` based on the given ``key``.</doc>
<status status="PASS" start="2026-04-26T22:25:18.341228" elapsed="0.000441"/>
</kw>
<kw name="Should Contain" owner="BuiltIn">
<arg>${ue_details}</arg>
<arg>${bearer_key}</arg>
<doc>Fails if ``container`` does not contain ``item`` one or more times.</doc>
<status status="PASS" start="2026-04-26T22:25:18.341900" elapsed="0.000610"/>
</kw>
<status status="PASS" start="2026-04-26T22:25:18.325530" elapsed="0.017115"/>
</kw>
<status status="PASS" start="2026-04-26T22:25:16.286580" elapsed="2.056305"/>
</test>
<test id="s1-s1-s1-t5" name="ST05 - traffic stats protocol field matches protocol used to start traffic" line="33">
<kw name="Prepare Clean EPC With Attached UE 1" owner="common" type="SETUP" source_name="Prepare Clean EPC With Attached UE ${ue_id}">
<kw name="Reset EPC" owner="common">
<kw name="Reset Response" owner="EPCTests">
<msg time="2026-04-26T22:25:18.357445" level="INFO">${status_code} = 200</msg>
<var>${status_code}</var>
<status status="PASS" start="2026-04-26T22:25:18.350762" elapsed="0.006990"/>
</kw>
<kw name="Should Be Equal As Integers" owner="BuiltIn">
<msg time="2026-04-26T22:25:18.358439" level="INFO">Argument types are:
&lt;class 'int'&gt;
&lt;class 'str'&gt;</msg>
<arg>${status_code}</arg>
<arg>200</arg>
<doc>Fails if objects are unequal after converting them to integers.</doc>
<status status="PASS" start="2026-04-26T22:25:18.358006" elapsed="0.000608"/>
</kw>
<status status="PASS" start="2026-04-26T22:25:18.350524" elapsed="0.008222"/>
</kw>
<kw name="Attach UE With ID ${ue_id}" owner="common" source_name="Attach UE With ID ${ue_id}">
<kw name="Attach Ue" owner="EPCTests">
<msg time="2026-04-26T22:25:18.366651" level="INFO">${response} = {'status': 'attached', 'ue_id': 1}</msg>
<var>${response}</var>
<arg>${ue_id}</arg>
<status status="PASS" start="2026-04-26T22:25:18.359512" elapsed="0.007451"/>
</kw>
<kw name="Should Be Equal" owner="BuiltIn">
<arg>${response}[status]</arg>
<arg>attached</arg>
<doc>Fails if the given objects are unequal.</doc>
<status status="PASS" start="2026-04-26T22:25:18.367277" elapsed="0.000384"/>
</kw>
<kw name="Should Be Equal As Integers" owner="BuiltIn">
<msg time="2026-04-26T22:25:18.368075" level="INFO">Argument types are:
&lt;class 'int'&gt;
&lt;class 'str'&gt;</msg>
<arg>${response}[ue_id]</arg>
<arg>${ue_id}</arg>
<doc>Fails if objects are unequal after converting them to integers.</doc>
<status status="PASS" start="2026-04-26T22:25:18.367802" elapsed="0.000484"/>
</kw>
<status status="PASS" start="2026-04-26T22:25:18.358947" elapsed="0.009441"/>
</kw>
<status status="PASS" start="2026-04-26T22:25:18.350160" elapsed="0.018344"/>
</kw>
<kw name="Start Traffic On UE 1 Bearer 9 With 10 Mbps Protocol tcp" source_name="Start Traffic On UE ${ue_id} Bearer ${bearer_id} With ${mbps} Mbps Protocol ${protocol}">
<kw name="Start Traffic" owner="EPCTests">
<msg time="2026-04-26T22:25:18.369241" level="INFO">URL: http://localhost:8000/ues/1/bearers/9/traffic</msg>
<msg time="2026-04-26T22:25:18.369332" level="INFO">Payload: {'protocol': 'tcp', 'Mbps': 10.0}</msg>
<msg time="2026-04-26T22:25:18.379445" level="INFO">Status: 200</msg>
<msg time="2026-04-26T22:25:18.379736" level="INFO">Response body: {"status":"traffic_started","ue_id":1,"bearer_id":9,"target_bps":10000000}</msg>
<msg time="2026-04-26T22:25:18.379982" level="INFO">${response} = &lt;Response [200]&gt;</msg>
<var>${response}</var>
<arg>${ue_id}</arg>
<arg>${bearer_id}</arg>
<arg>${protocol}</arg>
<arg>mbps=${mbps}</arg>
<status status="PASS" start="2026-04-26T22:25:18.369034" elapsed="0.011079"/>
</kw>
<kw name="Should Be Equal As Integers" owner="BuiltIn">
<msg time="2026-04-26T22:25:18.380846" level="INFO">Argument types are:
&lt;class 'int'&gt;
&lt;class 'str'&gt;</msg>
<arg>${response.status_code}</arg>
<arg>200</arg>
<doc>Fails if objects are unequal after converting them to integers.</doc>
<status status="PASS" start="2026-04-26T22:25:18.380318" elapsed="0.000716"/>
</kw>
<status status="PASS" start="2026-04-26T22:25:18.368767" elapsed="0.012401"/>
</kw>
<kw name="Sleep" owner="BuiltIn">
<msg time="2026-04-26T22:25:20.381997" level="INFO">Slept 2 seconds.</msg>
<arg>2s</arg>
<doc>Pauses the test executed for the given time.</doc>
<status status="PASS" start="2026-04-26T22:25:18.381394" elapsed="2.001487"/>
</kw>
<kw name="Verify Traffic Stats For UE 1 Bearer 9 Protocol Is tcp" source_name="Verify Traffic Stats For UE ${ue_id} Bearer ${bearer_id} Protocol Is ${protocol}">
<kw name="Get Traffic Stats" owner="EPCTests">
<msg time="2026-04-26T22:25:20.401116" level="INFO">${stats} = {'ue_id': 1, 'bearer_id': 9, 'protocol': 'tcp', 'target_bps': 10000000, 'tx_bps': 14821508, 'rx_bps': 14821508, 'duration': 2.024085521697998}</msg>
<var>${stats}</var>
<arg>${ue_id}</arg>
<arg>${bearer_id}</arg>
<status status="PASS" start="2026-04-26T22:25:20.385971" elapsed="0.015449"/>
</kw>
<kw name="Should Be Equal" owner="BuiltIn">
<arg>${stats}[protocol]</arg>
<arg>${protocol}</arg>
<doc>Fails if the given objects are unequal.</doc>
<status status="PASS" start="2026-04-26T22:25:20.401758" elapsed="0.000826"/>
</kw>
<status status="PASS" start="2026-04-26T22:25:20.384456" elapsed="0.018312"/>
</kw>
<status status="PASS" start="2026-04-26T22:25:18.347718" elapsed="2.055547"/>
</test>
<test id="s1-s1-s1-t6" name="ST06 - traffic stats target bps reflects requested speed" line="39">
<kw name="Prepare Clean EPC With Attached UE 1" owner="common" type="SETUP" source_name="Prepare Clean EPC With Attached UE ${ue_id}">
<kw name="Reset EPC" owner="common">
<kw name="Reset Response" owner="EPCTests">
<msg time="2026-04-26T22:25:20.418897" level="INFO">${status_code} = 200</msg>
<var>${status_code}</var>
<status status="PASS" start="2026-04-26T22:25:20.411107" elapsed="0.007992"/>
</kw>
<kw name="Should Be Equal As Integers" owner="BuiltIn">
<msg time="2026-04-26T22:25:20.419713" level="INFO">Argument types are:
&lt;class 'int'&gt;
&lt;class 'str'&gt;</msg>
<arg>${status_code}</arg>
<arg>200</arg>
<doc>Fails if objects are unequal after converting them to integers.</doc>
<status status="PASS" start="2026-04-26T22:25:20.419291" elapsed="0.000579"/>
</kw>
<status status="PASS" start="2026-04-26T22:25:20.410817" elapsed="0.009167"/>
</kw>
<kw name="Attach UE With ID ${ue_id}" owner="common" source_name="Attach UE With ID ${ue_id}">
<kw name="Attach Ue" owner="EPCTests">
<msg time="2026-04-26T22:25:20.427812" level="INFO">${response} = {'status': 'attached', 'ue_id': 1}</msg>
<var>${response}</var>
<arg>${ue_id}</arg>
<status status="PASS" start="2026-04-26T22:25:20.420586" elapsed="0.007546"/>
</kw>
<kw name="Should Be Equal" owner="BuiltIn">
<arg>${response}[status]</arg>
<arg>attached</arg>
<doc>Fails if the given objects are unequal.</doc>
<status status="PASS" start="2026-04-26T22:25:20.428369" elapsed="0.000491"/>
</kw>
<kw name="Should Be Equal As Integers" owner="BuiltIn">
<msg time="2026-04-26T22:25:20.429589" level="INFO">Argument types are:
&lt;class 'int'&gt;
&lt;class 'str'&gt;</msg>
<arg>${response}[ue_id]</arg>
<arg>${ue_id}</arg>
<doc>Fails if objects are unequal after converting them to integers.</doc>
<status status="PASS" start="2026-04-26T22:25:20.429126" elapsed="0.000722"/>
</kw>
<status status="PASS" start="2026-04-26T22:25:20.420183" elapsed="0.009784"/>
</kw>
<status status="PASS" start="2026-04-26T22:25:20.410423" elapsed="0.019668"/>
</kw>
<kw name="Start Traffic On UE 1 Bearer 9 With 10 Mbps Protocol udp" source_name="Start Traffic On UE ${ue_id} Bearer ${bearer_id} With ${mbps} Mbps Protocol ${protocol}">
<kw name="Start Traffic" owner="EPCTests">
<msg time="2026-04-26T22:25:20.431084" level="INFO">URL: http://localhost:8000/ues/1/bearers/9/traffic</msg>
<msg time="2026-04-26T22:25:20.431226" level="INFO">Payload: {'protocol': 'udp', 'Mbps': 10.0}</msg>
<msg time="2026-04-26T22:25:20.440603" level="INFO">Status: 200</msg>
<msg time="2026-04-26T22:25:20.440800" level="INFO">Response body: {"status":"traffic_started","ue_id":1,"bearer_id":9,"target_bps":10000000}</msg>
<msg time="2026-04-26T22:25:20.441075" level="INFO">${response} = &lt;Response [200]&gt;</msg>
<var>${response}</var>
<arg>${ue_id}</arg>
<arg>${bearer_id}</arg>
<arg>${protocol}</arg>
<arg>mbps=${mbps}</arg>
<status status="PASS" start="2026-04-26T22:25:20.430757" elapsed="0.010461"/>
</kw>
<kw name="Should Be Equal As Integers" owner="BuiltIn">
<msg time="2026-04-26T22:25:20.442029" level="INFO">Argument types are:
&lt;class 'int'&gt;
&lt;class 'str'&gt;</msg>
<arg>${response.status_code}</arg>
<arg>200</arg>
<doc>Fails if objects are unequal after converting them to integers.</doc>
<status status="PASS" start="2026-04-26T22:25:20.441419" elapsed="0.000759"/>
</kw>
<status status="PASS" start="2026-04-26T22:25:20.430432" elapsed="0.011863"/>
</kw>
<kw name="Sleep" owner="BuiltIn">
<msg time="2026-04-26T22:25:22.443702" level="INFO">Slept 2 seconds.</msg>
<arg>2s</arg>
<doc>Pauses the test executed for the given time.</doc>
<status status="PASS" start="2026-04-26T22:25:20.442533" elapsed="2.002602"/>
</kw>
<kw name="Verify Traffic Stats For UE 1 Bearer 9 Target Bps Matches 10 Mbps" source_name="Verify Traffic Stats For UE ${ue_id} Bearer ${bearer_id} Target Bps Matches ${mbps} Mbps">
<kw name="Get Traffic Stats" owner="EPCTests">
<msg time="2026-04-26T22:25:22.460105" level="INFO">${stats} = {'ue_id': 1, 'bearer_id': 9, 'protocol': 'udp', 'target_bps': 10000000, 'tx_bps': 14840994, 'rx_bps': 14840994, 'duration': 2.021427869796753}</msg>
<var>${stats}</var>
<arg>${ue_id}</arg>
<arg>${bearer_id}</arg>
<status status="PASS" start="2026-04-26T22:25:22.449455" elapsed="0.010855"/>
</kw>
<kw name="Evaluate" owner="BuiltIn">
<msg time="2026-04-26T22:25:22.461243" level="INFO">${expected_bps} = 10000000</msg>
<var>${expected_bps}</var>
<arg>${mbps} * 1000000</arg>
<doc>Evaluates the given expression in Python and returns the result.</doc>
<status status="PASS" start="2026-04-26T22:25:22.460566" elapsed="0.000895"/>
</kw>
<kw name="Should Be Equal As Numbers" owner="BuiltIn">
<arg>${stats}[target_bps]</arg>
<arg>${expected_bps}</arg>
<doc>Fails if objects are unequal after converting them to real numbers.</doc>
<status status="PASS" start="2026-04-26T22:25:22.461711" elapsed="0.000476"/>
</kw>
<status status="PASS" start="2026-04-26T22:25:22.448096" elapsed="0.014221"/>
</kw>
<status status="PASS" start="2026-04-26T22:25:20.407442" elapsed="2.055569"/>
</test>
<test id="s1-s1-s1-t7" name="ST07 - total rx bps in global stats reflects active traffic" line="45">
<kw name="Prepare Clean EPC With Attached UE 1" owner="common" type="SETUP" source_name="Prepare Clean EPC With Attached UE ${ue_id}">
<kw name="Reset EPC" owner="common">
<kw name="Reset Response" owner="EPCTests">
<msg time="2026-04-26T22:25:22.478420" level="INFO">${status_code} = 200</msg>
<var>${status_code}</var>
<status status="PASS" start="2026-04-26T22:25:22.471379" elapsed="0.007208"/>
</kw>
<kw name="Should Be Equal As Integers" owner="BuiltIn">
<msg time="2026-04-26T22:25:22.479776" level="INFO">Argument types are:
&lt;class 'int'&gt;
&lt;class 'str'&gt;</msg>
<arg>${status_code}</arg>
<arg>200</arg>
<doc>Fails if objects are unequal after converting them to integers.</doc>
<status status="PASS" start="2026-04-26T22:25:22.478902" elapsed="0.001253"/>
</kw>
<status status="PASS" start="2026-04-26T22:25:22.471109" elapsed="0.009180"/>
</kw>
<kw name="Attach UE With ID ${ue_id}" owner="common" source_name="Attach UE With ID ${ue_id}">
<kw name="Attach Ue" owner="EPCTests">
<msg time="2026-04-26T22:25:22.487742" level="INFO">${response} = {'status': 'attached', 'ue_id': 1}</msg>
<var>${response}</var>
<arg>${ue_id}</arg>
<status status="PASS" start="2026-04-26T22:25:22.480842" elapsed="0.007057"/>
</kw>
<kw name="Should Be Equal" owner="BuiltIn">
<arg>${response}[status]</arg>
<arg>attached</arg>
<doc>Fails if the given objects are unequal.</doc>
<status status="PASS" start="2026-04-26T22:25:22.488124" elapsed="0.000424"/>
</kw>
<kw name="Should Be Equal As Integers" owner="BuiltIn">
<msg time="2026-04-26T22:25:22.489003" level="INFO">Argument types are:
&lt;class 'int'&gt;
&lt;class 'str'&gt;</msg>
<arg>${response}[ue_id]</arg>
<arg>${ue_id}</arg>
<doc>Fails if objects are unequal after converting them to integers.</doc>
<status status="PASS" start="2026-04-26T22:25:22.488709" elapsed="0.000471"/>
</kw>
<status status="PASS" start="2026-04-26T22:25:22.480502" elapsed="0.008769"/>
</kw>
<status status="PASS" start="2026-04-26T22:25:22.470526" elapsed="0.018861"/>
</kw>
<kw name="Start Traffic On UE 1 Bearer 9 With 10 Mbps Protocol udp" source_name="Start Traffic On UE ${ue_id} Bearer ${bearer_id} With ${mbps} Mbps Protocol ${protocol}">
<kw name="Start Traffic" owner="EPCTests">
<msg time="2026-04-26T22:25:22.490168" level="INFO">URL: http://localhost:8000/ues/1/bearers/9/traffic</msg>
<msg time="2026-04-26T22:25:22.490270" level="INFO">Payload: {'protocol': 'udp', 'Mbps': 10.0}</msg>
<msg time="2026-04-26T22:25:22.500324" level="INFO">Status: 200</msg>
<msg time="2026-04-26T22:25:22.500541" level="INFO">Response body: {"status":"traffic_started","ue_id":1,"bearer_id":9,"target_bps":10000000}</msg>
<msg time="2026-04-26T22:25:22.500780" level="INFO">${response} = &lt;Response [200]&gt;</msg>
<var>${response}</var>
<arg>${ue_id}</arg>
<arg>${bearer_id}</arg>
<arg>${protocol}</arg>
<arg>mbps=${mbps}</arg>
<status status="PASS" start="2026-04-26T22:25:22.489949" elapsed="0.010929"/>
</kw>
<kw name="Should Be Equal As Integers" owner="BuiltIn">
<msg time="2026-04-26T22:25:22.501662" level="INFO">Argument types are:
&lt;class 'int'&gt;
&lt;class 'str'&gt;</msg>
<arg>${response.status_code}</arg>
<arg>200</arg>
<doc>Fails if objects are unequal after converting them to integers.</doc>
<status status="PASS" start="2026-04-26T22:25:22.501074" elapsed="0.000767"/>
</kw>
<status status="PASS" start="2026-04-26T22:25:22.489659" elapsed="0.012292"/>
</kw>
<kw name="Sleep" owner="BuiltIn">
<msg time="2026-04-26T22:25:24.502871" level="INFO">Slept 2 seconds.</msg>
<arg>2s</arg>
<doc>Pauses the test executed for the given time.</doc>
<status status="PASS" start="2026-04-26T22:25:22.502179" elapsed="2.000937"/>
</kw>
<kw name="Verify Global Rx Traffic Is Active">
<kw name="Get Global Stats" owner="EPCTests">
<msg time="2026-04-26T22:25:24.509321" level="INFO">${stats} = {'scope': 'all', 'ue_count': 1, 'bearer_count': 1, 'total_tx_bps': 9943323, 'total_rx_bps': 9943323, 'details': None}</msg>
<var>${stats}</var>
<status status="PASS" start="2026-04-26T22:25:24.503833" elapsed="0.005738"/>
</kw>
<kw name="Should Be True" owner="BuiltIn">
<arg>${stats}[total_rx_bps] &gt; 0</arg>
<doc>Fails if the given condition is not true.</doc>
<status status="PASS" start="2026-04-26T22:25:24.509862" elapsed="0.000634"/>
</kw>
<status status="PASS" start="2026-04-26T22:25:24.503510" elapsed="0.007218"/>
</kw>
<status status="PASS" start="2026-04-26T22:25:22.468282" elapsed="2.042661"/>
</test>
<test id="s1-s1-s1-t8" name="ST08 - bearer count decreases after stopping traffic" line="51">
<kw name="Prepare Clean EPC With Attached UE 1" owner="common" type="SETUP" source_name="Prepare Clean EPC With Attached UE ${ue_id}">
<kw name="Reset EPC" owner="common">
<kw name="Reset Response" owner="EPCTests">
<msg time="2026-04-26T22:25:24.527605" level="INFO">${status_code} = 200</msg>
<var>${status_code}</var>
<status status="PASS" start="2026-04-26T22:25:24.519747" elapsed="0.008067"/>
</kw>
<kw name="Should Be Equal As Integers" owner="BuiltIn">
<msg time="2026-04-26T22:25:24.528448" level="INFO">Argument types are:
&lt;class 'int'&gt;
&lt;class 'str'&gt;</msg>
<arg>${status_code}</arg>
<arg>200</arg>
<doc>Fails if objects are unequal after converting them to integers.</doc>
<status status="PASS" start="2026-04-26T22:25:24.528030" elapsed="0.000571"/>
</kw>
<status status="PASS" start="2026-04-26T22:25:24.519514" elapsed="0.009201"/>
</kw>
<kw name="Attach UE With ID ${ue_id}" owner="common" source_name="Attach UE With ID ${ue_id}">
<kw name="Attach Ue" owner="EPCTests">
<msg time="2026-04-26T22:25:24.536766" level="INFO">${response} = {'status': 'attached', 'ue_id': 1}</msg>
<var>${response}</var>
<arg>${ue_id}</arg>
<status status="PASS" start="2026-04-26T22:25:24.529244" elapsed="0.007751"/>
</kw>
<kw name="Should Be Equal" owner="BuiltIn">
<arg>${response}[status]</arg>
<arg>attached</arg>
<doc>Fails if the given objects are unequal.</doc>
<status status="PASS" start="2026-04-26T22:25:24.537203" elapsed="0.000480"/>
</kw>
<kw name="Should Be Equal As Integers" owner="BuiltIn">
<msg time="2026-04-26T22:25:24.538205" level="INFO">Argument types are:
&lt;class 'int'&gt;
&lt;class 'str'&gt;</msg>
<arg>${response}[ue_id]</arg>
<arg>${ue_id}</arg>
<doc>Fails if objects are unequal after converting them to integers.</doc>
<status status="PASS" start="2026-04-26T22:25:24.537856" elapsed="0.000532"/>
</kw>
<status status="PASS" start="2026-04-26T22:25:24.528909" elapsed="0.009597"/>
</kw>
<status status="PASS" start="2026-04-26T22:25:24.519192" elapsed="0.019528"/>
</kw>
<kw name="Start Traffic On UE 1 Bearer 9 With 10 Mbps Protocol udp" source_name="Start Traffic On UE ${ue_id} Bearer ${bearer_id} With ${mbps} Mbps Protocol ${protocol}">
<kw name="Start Traffic" owner="EPCTests">
<msg time="2026-04-26T22:25:24.539575" level="INFO">URL: http://localhost:8000/ues/1/bearers/9/traffic</msg>
<msg time="2026-04-26T22:25:24.539736" level="INFO">Payload: {'protocol': 'udp', 'Mbps': 10.0}</msg>
<msg time="2026-04-26T22:25:24.549353" level="INFO">Status: 200</msg>
<msg time="2026-04-26T22:25:24.549654" level="INFO">Response body: {"status":"traffic_started","ue_id":1,"bearer_id":9,"target_bps":10000000}</msg>
<msg time="2026-04-26T22:25:24.549867" level="INFO">${response} = &lt;Response [200]&gt;</msg>
<var>${response}</var>
<arg>${ue_id}</arg>
<arg>${bearer_id}</arg>
<arg>${protocol}</arg>
<arg>mbps=${mbps}</arg>
<status status="PASS" start="2026-04-26T22:25:24.539334" elapsed="0.010610"/>
</kw>
<kw name="Should Be Equal As Integers" owner="BuiltIn">
<msg time="2026-04-26T22:25:24.550885" level="INFO">Argument types are:
&lt;class 'int'&gt;
&lt;class 'str'&gt;</msg>
<arg>${response.status_code}</arg>
<arg>200</arg>
<doc>Fails if objects are unequal after converting them to integers.</doc>
<status status="PASS" start="2026-04-26T22:25:24.550144" elapsed="0.000947"/>
</kw>
<status status="PASS" start="2026-04-26T22:25:24.539036" elapsed="0.012171"/>
</kw>
<kw name="Verify Global Bearer Count Is 1" source_name="Verify Global Bearer Count Is ${count}">
<kw name="Get Global Stats" owner="EPCTests">
<msg time="2026-04-26T22:25:24.556196" level="INFO">${stats} = {'scope': 'all', 'ue_count': 1, 'bearer_count': 1, 'total_tx_bps': 1076345719, 'total_rx_bps': 1076345719, 'details': None}</msg>
<var>${stats}</var>
<status status="PASS" start="2026-04-26T22:25:24.551748" elapsed="0.004687"/>
</kw>
<kw name="Should Be Equal As Integers" owner="BuiltIn">
<msg time="2026-04-26T22:25:24.557048" level="INFO">Argument types are:
&lt;class 'int'&gt;
&lt;class 'str'&gt;</msg>
<arg>${stats}[bearer_count]</arg>
<arg>${count}</arg>
<doc>Fails if objects are unequal after converting them to integers.</doc>
<status status="PASS" start="2026-04-26T22:25:24.556631" elapsed="0.000585"/>
</kw>
<status status="PASS" start="2026-04-26T22:25:24.551473" elapsed="0.005845"/>
</kw>
<kw name="Stop Traffic On UE 1 Bearer 9" source_name="Stop Traffic On UE ${ue_id} Bearer ${bearer_id}">
<kw name="Stop Traffic" owner="EPCTests">
<msg time="2026-04-26T22:25:24.565955" level="INFO">${response} = {'status': 'traffic_stopped', 'ue_id': 1, 'bearer_id': 9}</msg>
<var>${response}</var>
<arg>${ue_id}</arg>
<arg>${bearer_id}</arg>
<status status="PASS" start="2026-04-26T22:25:24.557843" elapsed="0.008480"/>
</kw>
<kw name="Should Be Equal" owner="BuiltIn">
<arg>${response}[status]</arg>
<arg>traffic_stopped</arg>
<doc>Fails if the given objects are unequal.</doc>
<status status="PASS" start="2026-04-26T22:25:24.566525" elapsed="0.000442"/>
</kw>
<status status="PASS" start="2026-04-26T22:25:24.557562" elapsed="0.009527"/>
</kw>
<kw name="Verify Global Bearer Count Is 0" source_name="Verify Global Bearer Count Is ${count}">
<kw name="Get Global Stats" owner="EPCTests">
<msg time="2026-04-26T22:25:24.572049" level="INFO">${stats} = {'scope': 'all', 'ue_count': 1, 'bearer_count': 1, 'total_tx_bps': 3390432463, 'total_rx_bps': 3390432463, 'details': None}</msg>
<var>${stats}</var>
<status status="PASS" start="2026-04-26T22:25:24.567627" elapsed="0.004679"/>
</kw>
<kw name="Should Be Equal As Integers" owner="BuiltIn">
<msg time="2026-04-26T22:25:24.572861" level="INFO">Argument types are:
&lt;class 'int'&gt;
&lt;class 'str'&gt;</msg>
<msg time="2026-04-26T22:25:24.573111" level="FAIL">1 != 0</msg>
<arg>${stats}[bearer_count]</arg>
<arg>${count}</arg>
<doc>Fails if objects are unequal after converting them to integers.</doc>
<status status="FAIL" start="2026-04-26T22:25:24.572517" elapsed="0.002839">1 != 0</status>
</kw>
<status status="FAIL" start="2026-04-26T22:25:24.567343" elapsed="0.008194">1 != 0</status>
</kw>
<status status="FAIL" start="2026-04-26T22:25:24.517169" elapsed="0.058636">1 != 0</status>
</test>
<kw name="Reset EPC" owner="common" type="TEARDOWN">
<kw name="Reset Response" owner="EPCTests">
<msg time="2026-04-26T22:25:24.587673" level="INFO">${status_code} = 200</msg>
<var>${status_code}</var>
<status status="PASS" start="2026-04-26T22:25:24.580993" elapsed="0.006993"/>
</kw>
<kw name="Should Be Equal As Integers" owner="BuiltIn">
<msg time="2026-04-26T22:25:24.588507" level="INFO">Argument types are:
&lt;class 'int'&gt;
&lt;class 'str'&gt;</msg>
<arg>${status_code}</arg>
<arg>200</arg>
<doc>Fails if objects are unequal after converting them to integers.</doc>
<status status="PASS" start="2026-04-26T22:25:24.588172" elapsed="0.000510"/>
</kw>
<status status="PASS" start="2026-04-26T22:25:24.580676" elapsed="0.008114"/>
</kw>
<status status="FAIL" start="2026-04-26T22:25:12.033710" elapsed="12.555138"/>
</suite>
<status status="FAIL" start="2026-04-26T22:25:12.030953" elapsed="12.560193"/>
</suite>
<status status="FAIL" start="2026-04-26T22:25:11.997744" elapsed="12.598952"/>
</suite>
<statistics>
<total>
<stat pass="7" fail="1" skip="0">All Tests</stat>
</total>
<tag>
</tag>
<suite>
<stat name="Epc-Simulator-Tests" id="s1" pass="7" fail="1" skip="0">Epc-Simulator-Tests</stat>
<stat name="Tests" id="s1-s1" pass="7" fail="1" skip="0">Epc-Simulator-Tests.Tests</stat>
<stat name="Ue Stats" id="s1-s1-s1" pass="7" fail="1" skip="0">Epc-Simulator-Tests.Tests.Ue Stats</stat>
</suite>
</statistics>
<errors>
</errors>
</robot>
