<?xml version="1.0" encoding="UTF-8"?>
<robot generator="Robot 7.4.2 (Python 3.14.0 on win32)" generated="2026-04-26T18:43:34.030799" rpa="false" schemaversion="5">
<suite id="s1" name="Epc-Simulator-Tests" source="C:\Users\sylwia.lesniak\Desktop\testy\epc-simulator-tests">
<suite id="s1-s1" name="Tests" source="C:\Users\sylwia.lesniak\Desktop\testy\epc-simulator-tests\tests">
<suite id="s1-s1-s1" name="Ue Stats" source="C:\Users\sylwia.lesniak\Desktop\testy\epc-simulator-tests\tests\ue_stats.robot">
<test id="s1-s1-s1-t1" name="ST01 - ue count in global stats reflects number of attached UEs" line="14">
<kw name="Prepare Clean EPC With Attached UE 1" type="SETUP" source_name="Prepare Clean EPC With Attached UE ${ue_id}">
<kw name="Reset EPC">
<kw name="Reset Response" owner="EPCTests">
<msg time="2026-04-26T18:43:34.227443" level="INFO">${status_code} = 200</msg>
<var>${status_code}</var>
<status status="PASS" start="2026-04-26T18:43:34.215649" elapsed="0.012095"/>
</kw>
<kw name="Should Be Equal As Integers" owner="BuiltIn">
<msg time="2026-04-26T18:43:34.228595" level="INFO">Argument types are:
&lt;class 'int'&gt;
&lt;class 'str'&gt;</msg>
<arg>${status_code}</arg>
<arg>200</arg>
<doc>Fails if objects are unequal after converting them to integers.</doc>
<status status="PASS" start="2026-04-26T18:43:34.228012" elapsed="0.000807"/>
</kw>
<status status="PASS" start="2026-04-26T18:43:34.215153" elapsed="0.013819"/>
</kw>
<kw name="Attach UE With ID ${ue_id}" source_name="Attach UE With ID ${ue_id}">
<kw name="Attach Ue" owner="EPCTests">
<msg time="2026-04-26T18:43:34.238172" level="INFO">${response} = {'status': 'attached', 'ue_id': 1}</msg>
<var>${response}</var>
<arg>${ue_id}</arg>
<status status="PASS" start="2026-04-26T18:43:34.229593" elapsed="0.008846"/>
</kw>
<kw name="Should Be Equal" owner="BuiltIn">
<arg>${response}[status]</arg>
<arg>attached</arg>
<doc>Fails if the given objects are unequal.</doc>
<status status="PASS" start="2026-04-26T18:43:34.238676" elapsed="0.000547"/>
</kw>
<kw name="Should Be Equal As Integers" owner="BuiltIn">
<msg time="2026-04-26T18:43:34.239783" level="INFO">Argument types are:
&lt;class 'int'&gt;
&lt;class 'str'&gt;</msg>
<arg>${response}[ue_id]</arg>
<arg>${ue_id}</arg>
<doc>Fails if objects are unequal after converting them to integers.</doc>
<status status="PASS" start="2026-04-26T18:43:34.239392" elapsed="0.000639"/>
</kw>
<status status="PASS" start="2026-04-26T18:43:34.229182" elapsed="0.010972"/>
</kw>
<status status="PASS" start="2026-04-26T18:43:34.214604" elapsed="0.025666"/>
</kw>
<kw name="Verify Global UE Count Is 1" source_name="Verify Global UE Count Is ${count}">
<kw name="Get Global Stats" owner="EPCTests">
<msg time="2026-04-26T18:43:34.247061" level="INFO">${stats} = {'scope': 'all', 'ue_count': 1, 'bearer_count': 0, 'total_tx_bps': 0, 'total_rx_bps': 0, 'details': None}</msg>
<var>${stats}</var>
<status status="PASS" start="2026-04-26T18:43:34.241902" elapsed="0.005497"/>
</kw>
<kw name="Should Be Equal As Integers" owner="BuiltIn">
<msg time="2026-04-26T18:43:34.247988" level="INFO">Argument types are:
&lt;class 'int'&gt;
&lt;class 'str'&gt;</msg>
<arg>${stats}[ue_count]</arg>
<arg>${count}</arg>
<doc>Fails if objects are unequal after converting them to integers.</doc>
<status status="PASS" start="2026-04-26T18:43:34.247602" elapsed="0.000638"/>
</kw>
<status status="PASS" start="2026-04-26T18:43:34.241566" elapsed="0.006800"/>
</kw>
<status status="PASS" start="2026-04-26T18:43:34.211034" elapsed="0.037616"/>
</test>
<test id="s1-s1-s1-t2" name="ST02 - bearer count in global stats reflects number of bearers with active traffic" line="17">
<kw name="Prepare Clean EPC With Attached UE 1" type="SETUP" source_name="Prepare Clean EPC With Attached UE ${ue_id}">
<kw name="Reset EPC">
<kw name="Reset Response" owner="EPCTests">
<msg time="2026-04-26T18:43:34.268223" level="INFO">${status_code} = 200</msg>
<var>${status_code}</var>
<status status="PASS" start="2026-04-26T18:43:34.260218" elapsed="0.008305"/>
</kw>
<kw name="Should Be Equal As Integers" owner="BuiltIn">
<msg time="2026-04-26T18:43:34.269373" level="INFO">Argument types are:
&lt;class 'int'&gt;
&lt;class 'str'&gt;</msg>
<arg>${status_code}</arg>
<arg>200</arg>
<doc>Fails if objects are unequal after converting them to integers.</doc>
<status status="PASS" start="2026-04-26T18:43:34.268819" elapsed="0.000715"/>
</kw>
<status status="PASS" start="2026-04-26T18:43:34.259922" elapsed="0.009725"/>
</kw>
<kw name="Attach UE With ID ${ue_id}" source_name="Attach UE With ID ${ue_id}">
<kw name="Attach Ue" owner="EPCTests">
<msg time="2026-04-26T18:43:34.279078" level="INFO">${response} = {'status': 'attached', 'ue_id': 1}</msg>
<var>${response}</var>
<arg>${ue_id}</arg>
<status status="PASS" start="2026-04-26T18:43:34.270301" elapsed="0.009131"/>
</kw>
<kw name="Should Be Equal" owner="BuiltIn">
<arg>${response}[status]</arg>
<arg>attached</arg>
<doc>Fails if the given objects are unequal.</doc>
<status status="PASS" start="2026-04-26T18:43:34.279630" elapsed="0.000428"/>
</kw>
<kw name="Should Be Equal As Integers" owner="BuiltIn">
<msg time="2026-04-26T18:43:34.280539" level="INFO">Argument types are:
&lt;class 'int'&gt;
&lt;class 'str'&gt;</msg>
<arg>${response}[ue_id]</arg>
<arg>${ue_id}</arg>
<doc>Fails if objects are unequal after converting them to integers.</doc>
<status status="PASS" start="2026-04-26T18:43:34.280202" elapsed="0.000575"/>
</kw>
<status status="PASS" start="2026-04-26T18:43:34.269828" elapsed="0.011060"/>
</kw>
<status status="PASS" start="2026-04-26T18:43:34.259509" elapsed="0.021494"/>
</kw>
<kw name="Add Bearer 1 To UE 1" source_name="Add Bearer ${bearer_id} To UE ${ue_id}">
<kw name="Add Bearer" owner="EPCTests">
<msg time="2026-04-26T18:43:34.290388" level="INFO">${response} = {'status': 'bearer_added', 'ue_id': 1, 'bearer_id': 1}</msg>
<var>${response}</var>
<arg>${ue_id}</arg>
<arg>${bearer_id}</arg>
<status status="PASS" start="2026-04-26T18:43:34.281655" elapsed="0.009051"/>
</kw>
<kw name="Should Be Equal As Integers" owner="BuiltIn">
<msg time="2026-04-26T18:43:34.291410" level="INFO">Argument types are:
&lt;class 'int'&gt;
&lt;class 'str'&gt;</msg>
<arg>${response}[bearer_id]</arg>
<arg>${bearer_id}</arg>
<doc>Fails if objects are unequal after converting them to integers.</doc>
<status status="PASS" start="2026-04-26T18:43:34.290981" elapsed="0.000595"/>
</kw>
<status status="PASS" start="2026-04-26T18:43:34.281297" elapsed="0.010396"/>
</kw>
<kw name="Start Traffic On UE 1 Bearer 9 With 10 Mbps Protocol udp" source_name="Start Traffic On UE ${ue_id} Bearer ${bearer_id} With ${mbps} Mbps Protocol ${protocol}">
<kw name="Start Traffic" owner="EPCTests">
<msg time="2026-04-26T18:43:34.292733" level="INFO">URL: http://localhost:8000/ues/1/bearers/9/traffic</msg>
<msg time="2026-04-26T18:43:34.292853" level="INFO">Payload: {'protocol': 'udp', 'Mbps': 10.0}</msg>
<msg time="2026-04-26T18:43:34.303852" level="INFO">Status: 200</msg>
<msg time="2026-04-26T18:43:34.304195" level="INFO">Response body: {"status":"traffic_started","ue_id":1,"bearer_id":9,"target_bps":10000000}</msg>
<msg time="2026-04-26T18:43:34.304413" level="INFO">${response} = &lt;Response [200]&gt;</msg>
<var>${response}</var>
<arg>${ue_id}</arg>
<arg>${bearer_id}</arg>
<arg>${protocol}</arg>
<arg>mbps=${mbps}</arg>
<status status="PASS" start="2026-04-26T18:43:34.292473" elapsed="0.012049"/>
</kw>
<kw name="Should Be Equal As Integers" owner="BuiltIn">
<msg time="2026-04-26T18:43:34.305448" level="INFO">Argument types are:
&lt;class 'int'&gt;
&lt;class 'str'&gt;</msg>
<arg>${response.status_code}</arg>
<arg>200</arg>
<doc>Fails if objects are unequal after converting them to integers.</doc>
<status status="PASS" start="2026-04-26T18:43:34.304730" elapsed="0.000956"/>
</kw>
<status status="PASS" start="2026-04-26T18:43:34.292149" elapsed="0.013695"/>
</kw>
<kw name="Start Traffic On UE 1 Bearer 1 With 10 Mbps Protocol udp" source_name="Start Traffic On UE ${ue_id} Bearer ${bearer_id} With ${mbps} Mbps Protocol ${protocol}">
<kw name="Start Traffic" owner="EPCTests">
<msg time="2026-04-26T18:43:34.307169" level="INFO">URL: http://localhost:8000/ues/1/bearers/1/traffic</msg>
<msg time="2026-04-26T18:43:34.307326" level="INFO">Payload: {'protocol': 'udp', 'Mbps': 10.0}</msg>
<msg time="2026-04-26T18:43:34.319770" level="INFO">Status: 200</msg>
<msg time="2026-04-26T18:43:34.320123" level="INFO">Response body: {"status":"traffic_started","ue_id":1,"bearer_id":1,"target_bps":10000000}</msg>
<msg time="2026-04-26T18:43:34.320361" level="INFO">${response} = &lt;Response [200]&gt;</msg>
<var>${response}</var>
<arg>${ue_id}</arg>
<arg>${bearer_id}</arg>
<arg>${protocol}</arg>
<arg>mbps=${mbps}</arg>
<status status="PASS" start="2026-04-26T18:43:34.306791" elapsed="0.013691"/>
</kw>
<kw name="Should Be Equal As Integers" owner="BuiltIn">
<msg time="2026-04-26T18:43:34.321478" level="INFO">Argument types are:
&lt;class 'int'&gt;
&lt;class 'str'&gt;</msg>
<arg>${response.status_code}</arg>
<arg>200</arg>
<doc>Fails if objects are unequal after converting them to integers.</doc>
<status status="PASS" start="2026-04-26T18:43:34.320751" elapsed="0.000984"/>
</kw>
<status status="PASS" start="2026-04-26T18:43:34.306400" elapsed="0.015468"/>
</kw>
<kw name="Sleep" owner="BuiltIn">
<msg time="2026-04-26T18:43:36.323084" level="INFO">Slept 2 seconds.</msg>
<arg>2s</arg>
<doc>Pauses the test executed for the given time.</doc>
<status status="PASS" start="2026-04-26T18:43:34.322161" elapsed="2.001399"/>
</kw>
<kw name="Verify Global Bearer Count Is 2" source_name="Verify Global Bearer Count Is ${count}">
<kw name="Get Global Stats" owner="EPCTests">
<msg time="2026-04-26T18:43:36.330373" level="INFO">${stats} = {'scope': 'all', 'ue_count': 1, 'bearer_count': 2, 'total_tx_bps': 24712086, 'total_rx_bps': 24712086, 'details': None}</msg>
<var>${stats}</var>
<status status="PASS" start="2026-04-26T18:43:36.324595" elapsed="0.007315"/>
</kw>
<kw name="Should Be Equal As Integers" owner="BuiltIn">
<msg time="2026-04-26T18:43:36.338174" level="INFO">Argument types are:
&lt;class 'int'&gt;
&lt;class 'str'&gt;</msg>
<arg>${stats}[bearer_count]</arg>
<arg>${count}</arg>
<doc>Fails if objects are unequal after converting them to integers.</doc>
<status status="PASS" start="2026-04-26T18:43:36.333117" elapsed="0.005346"/>
</kw>
<status status="PASS" start="2026-04-26T18:43:36.324113" elapsed="0.014575"/>
</kw>
<status status="PASS" start="2026-04-26T18:43:34.252345" elapsed="2.087150"/>
</test>
<test id="s1-s1-s1-t3" name="ST03 - total tx bps in global stats reflects active traffic" line="24">
<kw name="Prepare Clean EPC With Attached UE 1" type="SETUP" source_name="Prepare Clean EPC With Attached UE ${ue_id}">
<kw name="Reset EPC">
<kw name="Reset Response" owner="EPCTests">
<msg time="2026-04-26T18:43:36.383212" level="INFO">${status_code} = 200</msg>
<var>${status_code}</var>
<status status="PASS" start="2026-04-26T18:43:36.374447" elapsed="0.009010"/>
</kw>
<kw name="Should Be Equal As Integers" owner="BuiltIn">
<msg time="2026-04-26T18:43:36.384300" level="INFO">Argument types are:
&lt;class 'int'&gt;
&lt;class 'str'&gt;</msg>
<arg>${status_code}</arg>
<arg>200</arg>
<doc>Fails if objects are unequal after converting them to integers.</doc>
<status status="PASS" start="2026-04-26T18:43:36.383755" elapsed="0.000981"/>
</kw>
<status status="PASS" start="2026-04-26T18:43:36.374008" elapsed="0.010922"/>
</kw>
<kw name="Attach UE With ID ${ue_id}" source_name="Attach UE With ID ${ue_id}">
<kw name="Attach Ue" owner="EPCTests">
<msg time="2026-04-26T18:43:36.395530" level="INFO">${response} = {'status': 'attached', 'ue_id': 1}</msg>
<var>${response}</var>
<arg>${ue_id}</arg>
<status status="PASS" start="2026-04-26T18:43:36.386012" elapsed="0.010102"/>
</kw>
<kw name="Should Be Equal" owner="BuiltIn">
<arg>${response}[status]</arg>
<arg>attached</arg>
<doc>Fails if the given objects are unequal.</doc>
<status status="PASS" start="2026-04-26T18:43:36.396430" elapsed="0.000630"/>
</kw>
<kw name="Should Be Equal As Integers" owner="BuiltIn">
<msg time="2026-04-26T18:43:36.397828" level="INFO">Argument types are:
&lt;class 'int'&gt;
&lt;class 'str'&gt;</msg>
<arg>${response}[ue_id]</arg>
<arg>${ue_id}</arg>
<doc>Fails if objects are unequal after converting them to integers.</doc>
<status status="PASS" start="2026-04-26T18:43:36.397317" elapsed="0.000996"/>
</kw>
<status status="PASS" start="2026-04-26T18:43:36.385252" elapsed="0.013304"/>
</kw>
<status status="PASS" start="2026-04-26T18:43:36.373221" elapsed="0.025592"/>
</kw>
<kw name="Start Traffic On UE 1 Bearer 9 With 10 Mbps Protocol udp" source_name="Start Traffic On UE ${ue_id} Bearer ${bearer_id} With ${mbps} Mbps Protocol ${protocol}">
<kw name="Start Traffic" owner="EPCTests">
<msg time="2026-04-26T18:43:36.400482" level="INFO">URL: http://localhost:8000/ues/1/bearers/9/traffic</msg>
<msg time="2026-04-26T18:43:36.400844" level="INFO">Payload: {'protocol': 'udp', 'Mbps': 10.0}</msg>
<msg time="2026-04-26T18:43:36.412103" level="INFO">Status: 200</msg>
<msg time="2026-04-26T18:43:36.412390" level="INFO">Response body: {"status":"traffic_started","ue_id":1,"bearer_id":9,"target_bps":10000000}</msg>
<msg time="2026-04-26T18:43:36.412637" level="INFO">${response} = &lt;Response [200]&gt;</msg>
<var>${response}</var>
<arg>${ue_id}</arg>
<arg>${bearer_id}</arg>
<arg>${protocol}</arg>
<arg>mbps=${mbps}</arg>
<status status="PASS" start="2026-04-26T18:43:36.400079" elapsed="0.012675"/>
</kw>
<kw name="Should Be Equal As Integers" owner="BuiltIn">
<msg time="2026-04-26T18:43:36.413883" level="INFO">Argument types are:
&lt;class 'int'&gt;
&lt;class 'str'&gt;</msg>
<arg>${response.status_code}</arg>
<arg>200</arg>
<doc>Fails if objects are unequal after converting them to integers.</doc>
<status status="PASS" start="2026-04-26T18:43:36.413050" elapsed="0.001361"/>
</kw>
<status status="PASS" start="2026-04-26T18:43:36.399536" elapsed="0.015078"/>
</kw>
<kw name="Sleep" owner="BuiltIn">
<msg time="2026-04-26T18:43:38.416234" level="INFO">Slept 2 seconds.</msg>
<arg>2s</arg>
<doc>Pauses the test executed for the given time.</doc>
<status status="PASS" start="2026-04-26T18:43:36.415095" elapsed="2.001404"/>
</kw>
<kw name="Verify Global Traffic Is Active">
<kw name="Get Global Stats" owner="EPCTests">
<msg time="2026-04-26T18:43:38.427788" level="INFO">${stats} = {'scope': 'all', 'ue_count': 1, 'bearer_count': 1, 'total_tx_bps': 14867506, 'total_rx_bps': 14867506, 'details': None}</msg>
<var>${stats}</var>
<status status="PASS" start="2026-04-26T18:43:38.418432" elapsed="0.009855"/>
</kw>
<kw name="Should Be True" owner="BuiltIn">
<arg>${stats}[total_tx_bps] &gt; 0</arg>
<doc>Fails if the given condition is not true.</doc>
<status status="PASS" start="2026-04-26T18:43:38.428600" elapsed="0.000882"/>
</kw>
<status status="PASS" start="2026-04-26T18:43:38.417110" elapsed="0.012816"/>
</kw>
<status status="PASS" start="2026-04-26T18:43:36.361832" elapsed="2.069693"/>
</test>
<test id="s1-s1-s1-t4" name="ST04 - stats with include details contains per bearer breakdown" line="29">
<kw name="Prepare Clean EPC With Attached UE 1" type="SETUP" source_name="Prepare Clean EPC With Attached UE ${ue_id}">
<kw name="Reset EPC">
<kw name="Reset Response" owner="EPCTests">
<msg time="2026-04-26T18:43:38.456538" level="INFO">${status_code} = 200</msg>
<var>${status_code}</var>
<status status="PASS" start="2026-04-26T18:43:38.447113" elapsed="0.009830"/>
</kw>
<kw name="Should Be Equal As Integers" owner="BuiltIn">
<msg time="2026-04-26T18:43:38.457949" level="INFO">Argument types are:
&lt;class 'int'&gt;
&lt;class 'str'&gt;</msg>
<arg>${status_code}</arg>
<arg>200</arg>
<doc>Fails if objects are unequal after converting them to integers.</doc>
<status status="PASS" start="2026-04-26T18:43:38.457266" elapsed="0.001125"/>
</kw>
<status status="PASS" start="2026-04-26T18:43:38.446650" elapsed="0.011954"/>
</kw>
<kw name="Attach UE With ID ${ue_id}" source_name="Attach UE With ID ${ue_id}">
<kw name="Attach Ue" owner="EPCTests">
<msg time="2026-04-26T18:43:38.469063" level="INFO">${response} = {'status': 'attached', 'ue_id': 1}</msg>
<var>${response}</var>
<arg>${ue_id}</arg>
<status status="PASS" start="2026-04-26T18:43:38.460209" elapsed="0.009334"/>
</kw>
<kw name="Should Be Equal" owner="BuiltIn">
<arg>${response}[status]</arg>
<arg>attached</arg>
<doc>Fails if the given objects are unequal.</doc>
<status status="PASS" start="2026-04-26T18:43:38.470015" elapsed="0.001253"/>
</kw>
<kw name="Should Be Equal As Integers" owner="BuiltIn">
<msg time="2026-04-26T18:43:38.472088" level="INFO">Argument types are:
&lt;class 'int'&gt;
&lt;class 'str'&gt;</msg>
<arg>${response}[ue_id]</arg>
<arg>${ue_id}</arg>
<doc>Fails if objects are unequal after converting them to integers.</doc>
<status status="PASS" start="2026-04-26T18:43:38.471527" elapsed="0.000856"/>
</kw>
<status status="PASS" start="2026-04-26T18:43:38.459083" elapsed="0.013499"/>
</kw>
<status status="PASS" start="2026-04-26T18:43:38.445939" elapsed="0.026886"/>
</kw>
<kw name="Start Traffic On UE 1 Bearer 9 With 10 Mbps Protocol udp" source_name="Start Traffic On UE ${ue_id} Bearer ${bearer_id} With ${mbps} Mbps Protocol ${protocol}">
<kw name="Start Traffic" owner="EPCTests">
<msg time="2026-04-26T18:43:38.474777" level="INFO">URL: http://localhost:8000/ues/1/bearers/9/traffic</msg>
<msg time="2026-04-26T18:43:38.475302" level="INFO">Payload: {'protocol': 'udp', 'Mbps': 10.0}</msg>
<msg time="2026-04-26T18:43:38.491858" level="INFO">Status: 200</msg>
<msg time="2026-04-26T18:43:38.492669" level="INFO">Response body: {"status":"traffic_started","ue_id":1,"bearer_id":9,"target_bps":10000000}</msg>
<msg time="2026-04-26T18:43:38.493790" level="INFO">${response} = &lt;Response [200]&gt;</msg>
<var>${response}</var>
<arg>${ue_id}</arg>
<arg>${bearer_id}</arg>
<arg>${protocol}</arg>
<arg>mbps=${mbps}</arg>
<status status="PASS" start="2026-04-26T18:43:38.474139" elapsed="0.019912"/>
</kw>
<kw name="Should Be Equal As Integers" owner="BuiltIn">
<msg time="2026-04-26T18:43:38.496134" level="INFO">Argument types are:
&lt;class 'int'&gt;
&lt;class 'str'&gt;</msg>
<arg>${response.status_code}</arg>
<arg>200</arg>
<doc>Fails if objects are unequal after converting them to integers.</doc>
<status status="PASS" start="2026-04-26T18:43:38.494504" elapsed="0.002009"/>
</kw>
<status status="PASS" start="2026-04-26T18:43:38.473430" elapsed="0.023277"/>
</kw>
<kw name="Sleep" owner="BuiltIn">
<msg time="2026-04-26T18:43:40.498389" level="INFO">Slept 2 seconds.</msg>
<arg>2s</arg>
<doc>Pauses the test executed for the given time.</doc>
<status status="PASS" start="2026-04-26T18:43:38.497139" elapsed="2.001937"/>
</kw>
<kw name="Verify Stats With Details For UE 1 Contains Bearer 9" source_name="Verify Stats With Details For UE ${ue_id} Contains Bearer ${bearer_id}">
<kw name="Get Ue Stats With Details" owner="EPCTests">
<msg time="2026-04-26T18:43:40.509705" level="INFO">${stats} = {'scope': 'ue:1', 'ue_count': 1, 'bearer_count': 1, 'total_tx_bps': 9886164, 'total_rx_bps': 9886164, 'details': {'1': {'9': 9886164}}}</msg>
<var>${stats}</var>
<arg>${ue_id}</arg>
<status status="PASS" start="2026-04-26T18:43:40.500329" elapsed="0.010224"/>
</kw>
<kw name="Convert To String" owner="BuiltIn">
<msg time="2026-04-26T18:43:40.511890" level="INFO">${ue_key} = 1</msg>
<var>${ue_key}</var>
<arg>${ue_id}</arg>
<doc>Converts the given item to a Unicode string.</doc>
<status status="PASS" start="2026-04-26T18:43:40.510967" elapsed="0.001173"/>
</kw>
<kw name="Convert To String" owner="BuiltIn">
<msg time="2026-04-26T18:43:40.513313" level="INFO">${bearer_key} = 9</msg>
<var>${bearer_key}</var>
<arg>${bearer_id}</arg>
<doc>Converts the given item to a Unicode string.</doc>
<status status="PASS" start="2026-04-26T18:43:40.512437" elapsed="0.001073"/>
</kw>
<kw name="Get From Dictionary" owner="Collections">
<msg time="2026-04-26T18:43:40.514352" level="INFO">${ue_details} = {'9': 9886164}</msg>
<var>${ue_details}</var>
<arg>${stats}[details]</arg>
<arg>${ue_key}</arg>
<doc>Returns a value from the given ``dictionary`` based on the given ``key``.</doc>
<status status="PASS" start="2026-04-26T18:43:40.513827" elapsed="0.000810"/>
</kw>
<kw name="Should Contain" owner="BuiltIn">
<arg>${ue_details}</arg>
<arg>${bearer_key}</arg>
<doc>Fails if ``container`` does not contain ``item`` one or more times.</doc>
<status status="PASS" start="2026-04-26T18:43:40.514902" elapsed="0.001179"/>
</kw>
<status status="PASS" start="2026-04-26T18:43:40.499679" elapsed="0.016645"/>
</kw>
<status status="PASS" start="2026-04-26T18:43:38.441042" elapsed="2.075685"/>
</test>
<test id="s1-s1-s1-t5" name="ST05 - traffic stats protocol field matches protocol used to start traffic" line="34">
<kw name="Prepare Clean EPC With Attached UE 1" type="SETUP" source_name="Prepare Clean EPC With Attached UE ${ue_id}">
<kw name="Reset EPC">
<kw name="Reset Response" owner="EPCTests">
<msg time="2026-04-26T18:43:40.536599" level="INFO">${status_code} = 200</msg>
<var>${status_code}</var>
<status status="PASS" start="2026-04-26T18:43:40.527286" elapsed="0.010106"/>
</kw>
<kw name="Should Be Equal As Integers" owner="BuiltIn">
<msg time="2026-04-26T18:43:40.538435" level="INFO">Argument types are:
&lt;class 'int'&gt;
&lt;class 'str'&gt;</msg>
<arg>${status_code}</arg>
<arg>200</arg>
<doc>Fails if objects are unequal after converting them to integers.</doc>
<status status="PASS" start="2026-04-26T18:43:40.537798" elapsed="0.001727"/>
</kw>
<status status="PASS" start="2026-04-26T18:43:40.526868" elapsed="0.012864"/>
</kw>
<kw name="Attach UE With ID ${ue_id}" source_name="Attach UE With ID ${ue_id}">
<kw name="Attach Ue" owner="EPCTests">
<msg time="2026-04-26T18:43:40.550929" level="INFO">${response} = {'status': 'attached', 'ue_id': 1}</msg>
<var>${response}</var>
<arg>${ue_id}</arg>
<status status="PASS" start="2026-04-26T18:43:40.540673" elapsed="0.010720"/>
</kw>
<kw name="Should Be Equal" owner="BuiltIn">
<arg>${response}[status]</arg>
<arg>attached</arg>
<doc>Fails if the given objects are unequal.</doc>
<status status="PASS" start="2026-04-26T18:43:40.551718" elapsed="0.000683"/>
</kw>
<kw name="Should Be Equal As Integers" owner="BuiltIn">
<msg time="2026-04-26T18:43:40.553509" level="INFO">Argument types are:
&lt;class 'int'&gt;
&lt;class 'str'&gt;</msg>
<arg>${response}[ue_id]</arg>
<arg>${ue_id}</arg>
<doc>Fails if objects are unequal after converting them to integers.</doc>
<status status="PASS" start="2026-04-26T18:43:40.552668" elapsed="0.001120"/>
</kw>
<status status="PASS" start="2026-04-26T18:43:40.540072" elapsed="0.013958"/>
</kw>
<status status="PASS" start="2026-04-26T18:43:40.526186" elapsed="0.028094"/>
</kw>
<kw name="Start Traffic On UE 1 Bearer 9 With 10 Mbps Protocol tcp" source_name="Start Traffic On UE ${ue_id} Bearer ${bearer_id} With ${mbps} Mbps Protocol ${protocol}">
<kw name="Start Traffic" owner="EPCTests">
<msg time="2026-04-26T18:43:40.556313" level="INFO">URL: http://localhost:8000/ues/1/bearers/9/traffic</msg>
<msg time="2026-04-26T18:43:40.556726" level="INFO">Payload: {'protocol': 'tcp', 'Mbps': 10.0}</msg>
<msg time="2026-04-26T18:43:40.573278" level="INFO">Status: 200</msg>
<msg time="2026-04-26T18:43:40.573534" level="INFO">Response body: {"status":"traffic_started","ue_id":1,"bearer_id":9,"target_bps":10000000}</msg>
<msg time="2026-04-26T18:43:40.573775" level="INFO">${response} = &lt;Response [200]&gt;</msg>
<var>${response}</var>
<arg>${ue_id}</arg>
<arg>${bearer_id}</arg>
<arg>${protocol}</arg>
<arg>mbps=${mbps}</arg>
<status status="PASS" start="2026-04-26T18:43:40.555799" elapsed="0.018100"/>
</kw>
<kw name="Should Be Equal As Integers" owner="BuiltIn">
<msg time="2026-04-26T18:43:40.575062" level="INFO">Argument types are:
&lt;class 'int'&gt;
&lt;class 'str'&gt;</msg>
<arg>${response.status_code}</arg>
<arg>200</arg>
<doc>Fails if objects are unequal after converting them to integers.</doc>
<status status="PASS" start="2026-04-26T18:43:40.574196" elapsed="0.001066"/>
</kw>
<status status="PASS" start="2026-04-26T18:43:40.555126" elapsed="0.020349"/>
</kw>
<kw name="Sleep" owner="BuiltIn">
<msg time="2026-04-26T18:43:42.576578" level="INFO">Slept 2 seconds.</msg>
<arg>2s</arg>
<doc>Pauses the test executed for the given time.</doc>
<status status="PASS" start="2026-04-26T18:43:40.575979" elapsed="2.001261"/>
</kw>
<kw name="Verify Traffic Stats For UE 1 Bearer 9 Protocol Is tcp" source_name="Verify Traffic Stats For UE ${ue_id} Bearer ${bearer_id} Protocol Is ${protocol}">
<kw name="Get Traffic Stats" owner="EPCTests">
<msg time="2026-04-26T18:43:42.587377" level="INFO">${stats} = {'ue_id': 1, 'bearer_id': 9, 'protocol': 'tcp', 'target_bps': 10000000, 'tx_bps': 14843774, 'rx_bps': 14843774, 'duration': 2.0210492610931396}</msg>
<var>${stats}</var>
<arg>${ue_id}</arg>
<arg>${bearer_id}</arg>
<status status="PASS" start="2026-04-26T18:43:42.578557" elapsed="0.009278"/>
</kw>
<kw name="Should Be Equal" owner="BuiltIn">
<arg>${stats}[protocol]</arg>
<arg>${protocol}</arg>
<doc>Fails if the given objects are unequal.</doc>
<status status="PASS" start="2026-04-26T18:43:42.588212" elapsed="0.001869"/>
</kw>
<status status="PASS" start="2026-04-26T18:43:42.577837" elapsed="0.012485"/>
</kw>
<status status="PASS" start="2026-04-26T18:43:40.521846" elapsed="2.068823"/>
</test>
<test id="s1-s1-s1-t6" name="ST06 - traffic stats target bps reflects requested speed" line="39">
<kw name="Prepare Clean EPC With Attached UE 1" type="SETUP" source_name="Prepare Clean EPC With Attached UE ${ue_id}">
<kw name="Reset EPC">
<kw name="Reset Response" owner="EPCTests">
<msg time="2026-04-26T18:43:42.610197" level="INFO">${status_code} = 200</msg>
<var>${status_code}</var>
<status status="PASS" start="2026-04-26T18:43:42.601494" elapsed="0.009093"/>
</kw>
<kw name="Should Be Equal As Integers" owner="BuiltIn">
<msg time="2026-04-26T18:43:42.611513" level="INFO">Argument types are:
&lt;class 'int'&gt;
&lt;class 'str'&gt;</msg>
<arg>${status_code}</arg>
<arg>200</arg>
<doc>Fails if objects are unequal after converting them to integers.</doc>
<status status="PASS" start="2026-04-26T18:43:42.610907" elapsed="0.000858"/>
</kw>
<status status="PASS" start="2026-04-26T18:43:42.601076" elapsed="0.010905"/>
</kw>
<kw name="Attach UE With ID ${ue_id}" source_name="Attach UE With ID ${ue_id}">
<kw name="Attach Ue" owner="EPCTests">
<msg time="2026-04-26T18:43:42.621899" level="INFO">${response} = {'status': 'attached', 'ue_id': 1}</msg>
<var>${response}</var>
<arg>${ue_id}</arg>
<status status="PASS" start="2026-04-26T18:43:42.613097" elapsed="0.009053"/>
</kw>
<kw name="Should Be Equal" owner="BuiltIn">
<arg>${response}[status]</arg>
<arg>attached</arg>
<doc>Fails if the given objects are unequal.</doc>
<status status="PASS" start="2026-04-26T18:43:42.622484" elapsed="0.000757"/>
</kw>
<kw name="Should Be Equal As Integers" owner="BuiltIn">
<msg time="2026-04-26T18:43:42.624122" level="INFO">Argument types are:
&lt;class 'int'&gt;
&lt;class 'str'&gt;</msg>
<arg>${response}[ue_id]</arg>
<arg>${ue_id}</arg>
<doc>Fails if objects are unequal after converting them to integers.</doc>
<status status="PASS" start="2026-04-26T18:43:42.623490" elapsed="0.001184"/>
</kw>
<status status="PASS" start="2026-04-26T18:43:42.612299" elapsed="0.012670"/>
</kw>
<status status="PASS" start="2026-04-26T18:43:42.600445" elapsed="0.024826"/>
</kw>
<kw name="Start Traffic On UE 1 Bearer 9 With 10 Mbps Protocol udp" source_name="Start Traffic On UE ${ue_id} Bearer ${bearer_id} With ${mbps} Mbps Protocol ${protocol}">
<kw name="Start Traffic" owner="EPCTests">
<msg time="2026-04-26T18:43:42.627125" level="INFO">URL: http://localhost:8000/ues/1/bearers/9/traffic</msg>
<msg time="2026-04-26T18:43:42.627326" level="INFO">Payload: {'protocol': 'udp', 'Mbps': 10.0}</msg>
<msg time="2026-04-26T18:43:42.638782" level="INFO">Status: 200</msg>
<msg time="2026-04-26T18:43:42.639058" level="INFO">Response body: {"status":"traffic_started","ue_id":1,"bearer_id":9,"target_bps":10000000}</msg>
<msg time="2026-04-26T18:43:42.639292" level="INFO">${response} = &lt;Response [200]&gt;</msg>
<var>${response}</var>
<arg>${ue_id}</arg>
<arg>${bearer_id}</arg>
<arg>${protocol}</arg>
<arg>mbps=${mbps}</arg>
<status status="PASS" start="2026-04-26T18:43:42.626692" elapsed="0.012721"/>
</kw>
<kw name="Should Be Equal As Integers" owner="BuiltIn">
<msg time="2026-04-26T18:43:42.640523" level="INFO">Argument types are:
&lt;class 'int'&gt;
&lt;class 'str'&gt;</msg>
<arg>${response.status_code}</arg>
<arg>200</arg>
<doc>Fails if objects are unequal after converting them to integers.</doc>
<status status="PASS" start="2026-04-26T18:43:42.639706" elapsed="0.001188"/>
</kw>
<status status="PASS" start="2026-04-26T18:43:42.626085" elapsed="0.015001"/>
</kw>
<kw name="Sleep" owner="BuiltIn">
<msg time="2026-04-26T18:43:44.642439" level="INFO">Slept 2 seconds.</msg>
<arg>2s</arg>
<doc>Pauses the test executed for the given time.</doc>
<status status="PASS" start="2026-04-26T18:43:42.641448" elapsed="2.001391"/>
</kw>
<kw name="Evaluate" owner="BuiltIn">
<msg time="2026-04-26T18:43:44.644150" level="INFO">${expected_bps} = 10000000</msg>
<var>${expected_bps}</var>
<arg>10 * 1000000</arg>
<doc>Evaluates the given expression in Python and returns the result.</doc>
<status status="PASS" start="2026-04-26T18:43:44.643452" elapsed="0.000884"/>
</kw>
<kw name="Verify Traffic Stats For UE 1 Bearer 9 Target Bps Is ${expected_bps}" source_name="Verify Traffic Stats For UE ${ue_id} Bearer ${bearer_id} Target Bps Is ${expected_bps}">
<kw name="Get Traffic Stats" owner="EPCTests">
<msg time="2026-04-26T18:43:44.650530" level="INFO">${stats} = {'ue_id': 1, 'bearer_id': 9, 'protocol': 'udp', 'target_bps': 10000000, 'tx_bps': 9926418, 'rx_bps': 9926418, 'duration': 2.0148253440856934}</msg>
<var>${stats}</var>
<arg>${ue_id}</arg>
<arg>${bearer_id}</arg>
<status status="PASS" start="2026-04-26T18:43:44.645469" elapsed="0.005330"/>
</kw>
<kw name="Should Be Equal As Numbers" owner="BuiltIn">
<arg>${stats}[target_bps]</arg>
<arg>${expected_bps}</arg>
<doc>Fails if objects are unequal after converting them to real numbers.</doc>
<status status="PASS" start="2026-04-26T18:43:44.650980" elapsed="0.000375"/>
</kw>
<status status="PASS" start="2026-04-26T18:43:44.644920" elapsed="0.006532"/>
</kw>
<status status="PASS" start="2026-04-26T18:43:42.596194" elapsed="2.055502"/>
</test>
<test id="s1-s1-s1-t7" name="ST07 - bearer count decreases after stopping traffic" line="45">
<kw name="Prepare Clean EPC With Attached UE 1" type="SETUP" source_name="Prepare Clean EPC With Attached UE ${ue_id}">
<kw name="Reset EPC">
<kw name="Reset Response" owner="EPCTests">
<msg time="2026-04-26T18:43:44.665209" level="INFO">${status_code} = 200</msg>
<var>${status_code}</var>
<status status="PASS" start="2026-04-26T18:43:44.658707" elapsed="0.006679"/>
</kw>
<kw name="Should Be Equal As Integers" owner="BuiltIn">
<msg time="2026-04-26T18:43:44.666009" level="INFO">Argument types are:
&lt;class 'int'&gt;
&lt;class 'str'&gt;</msg>
<arg>${status_code}</arg>
<arg>200</arg>
<doc>Fails if objects are unequal after converting them to integers.</doc>
<status status="PASS" start="2026-04-26T18:43:44.665604" elapsed="0.000567"/>
</kw>
<status status="PASS" start="2026-04-26T18:43:44.658491" elapsed="0.007834"/>
</kw>
<kw name="Attach UE With ID ${ue_id}" source_name="Attach UE With ID ${ue_id}">
<kw name="Attach Ue" owner="EPCTests">
<msg time="2026-04-26T18:43:44.673896" level="INFO">${response} = {'status': 'attached', 'ue_id': 1}</msg>
<var>${response}</var>
<arg>${ue_id}</arg>
<status status="PASS" start="2026-04-26T18:43:44.666906" elapsed="0.007202"/>
</kw>
<kw name="Should Be Equal" owner="BuiltIn">
<arg>${response}[status]</arg>
<arg>attached</arg>
<doc>Fails if the given objects are unequal.</doc>
<status status="PASS" start="2026-04-26T18:43:44.674433" elapsed="0.000598"/>
</kw>
<kw name="Should Be Equal As Integers" owner="BuiltIn">
<msg time="2026-04-26T18:43:44.675476" level="INFO">Argument types are:
&lt;class 'int'&gt;
&lt;class 'str'&gt;</msg>
<arg>${response}[ue_id]</arg>
<arg>${ue_id}</arg>
<doc>Fails if objects are unequal after converting them to integers.</doc>
<status status="PASS" start="2026-04-26T18:43:44.675185" elapsed="0.000485"/>
</kw>
<status status="PASS" start="2026-04-26T18:43:44.666512" elapsed="0.009256"/>
</kw>
<status status="PASS" start="2026-04-26T18:43:44.658167" elapsed="0.017705"/>
</kw>
<kw name="Add Bearer 1 To UE 1" source_name="Add Bearer ${bearer_id} To UE ${ue_id}">
<kw name="Add Bearer" owner="EPCTests">
<msg time="2026-04-26T18:43:44.683422" level="INFO">${response} = {'status': 'bearer_added', 'ue_id': 1, 'bearer_id': 1}</msg>
<var>${response}</var>
<arg>${ue_id}</arg>
<arg>${bearer_id}</arg>
<status status="PASS" start="2026-04-26T18:43:44.676410" elapsed="0.007207"/>
</kw>
<kw name="Should Be Equal As Integers" owner="BuiltIn">
<msg time="2026-04-26T18:43:44.684250" level="INFO">Argument types are:
&lt;class 'int'&gt;
&lt;class 'str'&gt;</msg>
<arg>${response}[bearer_id]</arg>
<arg>${bearer_id}</arg>
<doc>Fails if objects are unequal after converting them to integers.</doc>
<status status="PASS" start="2026-04-26T18:43:44.683809" elapsed="0.000578"/>
</kw>
<status status="PASS" start="2026-04-26T18:43:44.676147" elapsed="0.008355"/>
</kw>
<kw name="Start Traffic On UE 1 Bearer 9 With 10 Mbps Protocol udp" source_name="Start Traffic On UE ${ue_id} Bearer ${bearer_id} With ${mbps} Mbps Protocol ${protocol}">
<kw name="Start Traffic" owner="EPCTests">
<msg time="2026-04-26T18:43:44.685352" level="INFO">URL: http://localhost:8000/ues/1/bearers/9/traffic</msg>
<msg time="2026-04-26T18:43:44.685529" level="INFO">Payload: {'protocol': 'udp', 'Mbps': 10.0}</msg>
<msg time="2026-04-26T18:43:44.695959" level="INFO">Status: 200</msg>
<msg time="2026-04-26T18:43:44.696293" level="INFO">Response body: {"status":"traffic_started","ue_id":1,"bearer_id":9,"target_bps":10000000}</msg>
<msg time="2026-04-26T18:43:44.696491" level="INFO">${response} = &lt;Response [200]&gt;</msg>
<var>${response}</var>
<arg>${ue_id}</arg>
<arg>${bearer_id}</arg>
<arg>${protocol}</arg>
<arg>mbps=${mbps}</arg>
<status status="PASS" start="2026-04-26T18:43:44.685120" elapsed="0.011470"/>
</kw>
<kw name="Should Be Equal As Integers" owner="BuiltIn">
<msg time="2026-04-26T18:43:44.697377" level="INFO">Argument types are:
&lt;class 'int'&gt;
&lt;class 'str'&gt;</msg>
<arg>${response.status_code}</arg>
<arg>200</arg>
<doc>Fails if objects are unequal after converting them to integers.</doc>
<status status="PASS" start="2026-04-26T18:43:44.696781" elapsed="0.000777"/>
</kw>
<status status="PASS" start="2026-04-26T18:43:44.684813" elapsed="0.012857"/>
</kw>
<kw name="Verify Global Bearer Count Is 1" source_name="Verify Global Bearer Count Is ${count}">
<kw name="Get Global Stats" owner="EPCTests">
<msg time="2026-04-26T18:43:44.703228" level="INFO">${stats} = {'scope': 'all', 'ue_count': 1, 'bearer_count': 1, 'total_tx_bps': 1000907767, 'total_rx_bps': 1000907767, 'details': None}</msg>
<var>${stats}</var>
<status status="PASS" start="2026-04-26T18:43:44.698328" elapsed="0.005192"/>
</kw>
<kw name="Should Be Equal As Integers" owner="BuiltIn">
<msg time="2026-04-26T18:43:44.704105" level="INFO">Argument types are:
&lt;class 'int'&gt;
&lt;class 'str'&gt;</msg>
<arg>${stats}[bearer_count]</arg>
<arg>${count}</arg>
<doc>Fails if objects are unequal after converting them to integers.</doc>
<status status="PASS" start="2026-04-26T18:43:44.703723" elapsed="0.000595"/>
</kw>
<status status="PASS" start="2026-04-26T18:43:44.697986" elapsed="0.006460"/>
</kw>
<kw name="Stop Traffic On UE 1 Bearer 9" source_name="Stop Traffic On UE ${ue_id} Bearer ${bearer_id}">
<kw name="Stop Traffic" owner="EPCTests">
<arg>${ue_id}</arg>
<arg>${bearer_id}</arg>
<status status="PASS" start="2026-04-26T18:43:44.705074" elapsed="0.007678"/>
</kw>
<status status="PASS" start="2026-04-26T18:43:44.704748" elapsed="0.008269"/>
</kw>
<kw name="Verify Global Bearer Count Is 0" source_name="Verify Global Bearer Count Is ${count}">
<kw name="Get Global Stats" owner="EPCTests">
<msg time="2026-04-26T18:43:44.720555" level="INFO">${stats} = {'scope': 'all', 'ue_count': 1, 'bearer_count': 1, 'total_tx_bps': 2963125397, 'total_rx_bps': 2963125397, 'details': None}</msg>
<var>${stats}</var>
<status status="PASS" start="2026-04-26T18:43:44.713734" elapsed="0.007040"/>
</kw>
<kw name="Should Be Equal As Integers" owner="BuiltIn">
<msg time="2026-04-26T18:43:44.721510" level="INFO">Argument types are:
&lt;class 'int'&gt;
&lt;class 'str'&gt;</msg>
<msg time="2026-04-26T18:43:44.721915" level="FAIL">1 != 0</msg>
<arg>${stats}[bearer_count]</arg>
<arg>${count}</arg>
<doc>Fails if objects are unequal after converting them to integers.</doc>
<status status="FAIL" start="2026-04-26T18:43:44.720999" elapsed="0.006677">1 != 0</status>
</kw>
<status status="FAIL" start="2026-04-26T18:43:44.713380" elapsed="0.014521">1 != 0</status>
</kw>
<status status="FAIL" start="2026-04-26T18:43:44.656070" elapsed="0.072158">1 != 0</status>
</test>
<kw name="Reset EPC" type="TEARDOWN">
<kw name="Reset Response" owner="EPCTests">
<msg time="2026-04-26T18:43:44.739928" level="INFO">${status_code} = 200</msg>
<var>${status_code}</var>
<status status="PASS" start="2026-04-26T18:43:44.731946" elapsed="0.008375"/>
</kw>
<kw name="Should Be Equal As Integers" owner="BuiltIn">
<msg time="2026-04-26T18:43:44.741076" level="INFO">Argument types are:
&lt;class 'int'&gt;
&lt;class 'str'&gt;</msg>
<arg>${status_code}</arg>
<arg>200</arg>
<doc>Fails if objects are unequal after converting them to integers.</doc>
<status status="PASS" start="2026-04-26T18:43:44.740549" elapsed="0.000716"/>
</kw>
<status status="PASS" start="2026-04-26T18:43:44.731599" elapsed="0.009798"/>
</kw>
<status status="FAIL" start="2026-04-26T18:43:34.096182" elapsed="10.645262"/>
</suite>
<status status="FAIL" start="2026-04-26T18:43:34.087433" elapsed="10.657610"/>
</suite>
<status status="FAIL" start="2026-04-26T18:43:34.034424" elapsed="10.713193"/>
</suite>
<statistics>
<total>
<stat pass="6" fail="1" skip="0">All Tests</stat>
</total>
<tag>
</tag>
<suite>
<stat name="Epc-Simulator-Tests" id="s1" pass="6" fail="1" skip="0">Epc-Simulator-Tests</stat>
<stat name="Tests" id="s1-s1" pass="6" fail="1" skip="0">Epc-Simulator-Tests.Tests</stat>
<stat name="Ue Stats" id="s1-s1-s1" pass="6" fail="1" skip="0">Epc-Simulator-Tests.Tests.Ue Stats</stat>
</suite>
</statistics>
<errors>
</errors>
</robot>
